2024-09-29 14:03:59,808 ASR training:
2024-09-29 14:04:00,469 Epoch 1:
2024-09-29 14:04:00,470 Learning Rate: 0.0009
2024-09-29 14:04:00,470 Patience Delta : -0.05
2024-09-29 14:04:00,470 Train Step	Batch Loss
2024-09-29 14:04:30,165 16	0.7501252293586731
2024-09-29 14:05:04,246 32	0.8548822402954102
2024-09-29 14:05:34,721 48	0.5716303586959839
2024-09-29 14:06:07,666 64	0.5800571441650391
2024-09-29 14:06:38,662 80	0.3291107416152954
2024-09-29 14:07:10,103 96	0.2698460519313812
2024-09-29 14:07:33,289 112	0.24196398258209229
2024-09-29 14:08:04,910 128	0.22431248426437378
2024-09-29 14:08:37,716 144	0.21267318725585938
2024-09-29 14:09:08,620 160	0.2112952172756195
2024-09-29 14:09:40,343 176	0.20708626508712769
2024-09-29 14:10:10,702 192	0.20343883335590363
2024-09-29 14:10:32,734 208	0.1980237513780594
2024-09-29 14:11:03,654 224	0.19551190733909607
2024-09-29 14:11:34,505 240	0.19134259223937988
2024-09-29 14:12:05,466 256	0.19173100590705872
2024-09-29 14:12:36,849 272	0.19475297629833221
2024-09-29 14:13:03,631 288	0.19008290767669678
2024-09-29 14:13:35,104 304	0.19421488046646118
2024-09-29 14:14:02,363 320	0.19094319641590118
2024-09-29 14:14:33,794 336	0.18893462419509888
2024-09-29 14:15:04,662 352	0.18875667452812195
2024-09-29 14:15:34,234 368	0.19063201546669006
2024-09-29 14:16:06,710 384	0.19567817449569702
2024-09-29 14:16:30,493 400	0.18507671356201172
2024-09-29 14:16:56,891 416	0.18841935694217682
2024-09-29 14:17:26,786 432	0.18460381031036377
2024-09-29 14:17:58,273 448	0.18540766835212708
2024-09-29 14:18:28,687 464	0.1851707398891449
2024-09-29 14:19:01,767 480	0.1856590360403061
2024-09-29 14:19:28,266 496	0.18246343731880188
2024-09-29 14:19:54,574 512	0.18201005458831787
2024-09-29 14:20:28,033 528	0.18846304714679718
2024-09-29 14:20:58,197 544	0.18488994240760803
2024-09-29 14:21:29,576 560	0.18713721632957458
2024-09-29 14:21:59,726 576	0.18269728124141693
2024-09-29 14:22:24,544 592	0.18643487989902496
2024-09-29 14:22:49,400 608	0.1886620819568634
2024-09-29 14:23:19,995 624	0.18830165266990662
2024-09-29 14:23:50,361 640	0.18895667791366577
2024-09-29 14:24:19,701 656	0.18558356165885925
2024-09-29 14:24:45,958 672	0.18678250908851624
2024-09-29 14:25:11,186 688	0.1870816946029663
2024-09-29 14:25:39,804 704	0.21322046220302582
2024-09-29 14:26:07,780 720	0.1880035102367401
2024-09-29 14:26:37,762 736	0.18279337882995605
2024-09-29 14:26:59,791 752	0.184908926486969
2024-09-29 14:27:29,136 768	0.18236365914344788
2024-09-29 14:27:58,167 784	0.18538923561573029
2024-09-29 14:28:18,815 800	0.19460193812847137
2024-09-29 14:28:40,084 816	0.1872919797897339
2024-09-29 14:29:08,753 832	0.188095360994339
2024-09-29 14:29:37,261 848	0.185143381357193
2024-09-29 14:30:06,033 864	0.18527255952358246
2024-09-29 14:30:31,282 880	0.18476733565330505
2024-09-29 14:30:57,407 896	0.18543410301208496
2024-09-29 14:31:26,165 912	0.1855970025062561
2024-09-29 14:31:54,839 928	0.18435850739479065
2024-09-29 14:32:24,032 944	0.1825452446937561
2024-09-29 14:32:48,817 960	0.18458038568496704
2024-09-29 14:33:15,560 976	0.18570321798324585
2024-09-29 14:33:47,420 992	0.18316704034805298
2024-09-29 14:34:17,036 1008	0.1868620216846466
2024-09-29 14:34:44,975 1024	0.18244247138500214
2024-09-29 14:35:09,199 1040	0.18586008250713348
2024-09-29 14:35:34,050 1056	0.1826031357049942
2024-09-29 14:36:05,665 1072	0.1847802847623825
2024-09-29 14:36:34,736 1088	0.18568694591522217
2024-09-29 14:37:05,446 1104	0.1820562779903412
2024-09-29 14:37:30,411 1120	0.18328440189361572
2024-09-29 14:37:55,762 1136	0.18545633554458618
2024-09-29 14:38:26,055 1152	0.18873587250709534
2024-09-29 14:38:47,060 1168	0.18252769112586975
2024-09-29 14:39:14,418 1184	0.18724653124809265
2024-09-29 14:39:36,070 1200	0.18160510063171387
2024-09-29 14:40:05,544 1216	0.1853805035352707
2024-09-29 14:40:35,039 1232	0.19071176648139954
2024-09-29 14:40:57,203 1248	0.18887564539909363
2024-09-29 14:41:19,203 1264	0.1839136928319931
2024-09-29 14:41:40,226 1280	0.1850409209728241
2024-09-29 14:42:01,349 1296	0.18882925808429718
2024-09-29 14:42:22,607 1312	0.18562360107898712
2024-09-29 14:42:43,208 1328	0.2004552185535431
2024-09-29 14:43:04,037 1344	0.18423816561698914
2024-09-29 14:43:24,973 1360	0.1829526126384735
2024-09-29 14:43:45,454 1376	0.18307200074195862
2024-09-29 14:44:06,373 1392	0.18386855721473694
2024-09-29 14:44:26,846 1408	0.18489514291286469
2024-09-29 14:44:47,605 1424	0.18406051397323608
2024-09-29 14:45:08,475 1440	0.1856502890586853
2024-09-29 14:45:28,755 1456	0.18259060382843018
2024-09-29 14:45:50,679 1472	0.18479759991168976
2024-09-29 14:46:13,209 1488	0.18455886840820312
2024-09-29 14:46:34,728 1504	0.18509522080421448
2024-09-29 14:46:57,045 1520	0.18147754669189453
2024-09-29 14:47:18,580 1536	0.18614597618579865
2024-09-29 14:47:37,756 1552	0.1845899224281311
2024-09-29 14:47:58,614 1568	0.1843475103378296
2024-09-29 14:48:19,558 1584	0.183481365442276
2024-09-29 14:48:39,602 1600	0.18673086166381836
2024-09-29 14:49:01,261 1616	0.18523858487606049
2024-09-29 14:49:22,781 1632	0.183833509683609
2024-09-29 14:49:44,001 1648	0.18292222917079926
2024-09-29 14:50:04,751 1664	0.1815665364265442
2024-09-29 14:50:26,662 1680	0.18161806464195251
2024-09-29 14:50:48,632 1696	0.18494558334350586
2024-09-29 14:51:09,093 1712	0.17875391244888306
2024-09-29 14:51:29,856 1728	0.1814219057559967
2024-09-29 14:51:51,985 1744	0.18508611619472504
2024-09-29 14:52:12,313 1760	0.18236562609672546
2024-09-29 14:52:33,906 1776	0.18557634949684143
2024-09-29 14:53:00,560 1792	0.18505187332630157
2024-09-29 14:53:25,273 1808	0.1859189122915268
2024-09-29 14:53:51,857 1824	0.1813504546880722
2024-09-29 14:54:21,238 1840	0.1832883358001709
2024-09-29 14:54:49,810 1856	0.18496114015579224
2024-09-29 14:55:18,280 1872	0.18137182295322418
2024-09-29 14:55:44,493 1888	0.1828835904598236
2024-09-29 14:56:10,359 1904	0.18279799818992615
2024-09-29 14:56:38,608 1920	0.18355469405651093
2024-09-29 14:57:00,092 1936	0.18270692229270935
2024-09-29 14:57:20,681 1952	0.18377134203910828
2024-09-29 14:57:41,567 1968	0.18317297101020813
2024-09-29 14:58:01,996 1984	0.18433158099651337
2024-09-29 14:58:23,005 2000	0.18293344974517822
2024-09-29 14:58:45,452 2016	0.18380111455917358
2024-09-29 14:59:07,393 2032	0.18213310837745667
2024-09-29 14:59:28,828 2048	0.18211022019386292
2024-09-29 14:59:49,256 2064	0.18203601241111755
2024-09-29 15:00:10,630 2080	0.18335413932800293
2024-09-29 15:00:39,174 2096	0.1828053742647171
2024-09-29 15:01:00,068 2112	0.18452535569667816
2024-09-29 15:01:22,287 2128	0.1808326095342636
2024-09-29 15:01:44,069 2144	0.18250830471515656
2024-09-29 15:02:13,165 2160	0.1862192153930664
2024-09-29 15:02:36,098 2176	0.18080279231071472
2024-09-29 15:02:57,440 2192	0.18488097190856934
2024-09-29 15:03:26,162 2208	0.18154925107955933
2024-09-29 15:03:54,875 2224	0.18301787972450256
2024-09-29 15:04:20,999 2240	0.18335647881031036
2024-09-29 15:04:44,263 2256	0.18424871563911438
2024-09-29 15:05:04,223 2272	0.18060970306396484
2024-09-29 15:05:33,504 2288	0.18972568213939667
2024-09-29 15:06:01,348 2304	0.18255026638507843
2024-09-29 15:06:26,884 2320	0.18254727125167847
2024-09-29 15:06:50,441 2336	0.18136580288410187
2024-09-29 15:07:18,110 2352	0.17908871173858643
2024-09-29 15:07:38,459 2368	0.18575522303581238
2024-09-29 15:07:59,495 2384	0.18019822239875793
2024-09-29 15:08:28,818 2400	0.18307293951511383
2024-09-29 15:08:56,966 2416	0.18333327770233154
2024-09-29 15:09:20,591 2432	0.17979104816913605
2024-09-29 15:09:45,738 2448	0.1842193901538849
2024-09-29 15:10:12,882 2464	0.18272939324378967
2024-09-29 15:10:41,414 2480	0.18422174453735352
2024-09-29 15:11:06,668 2496	0.18278846144676208
2024-09-29 15:11:31,317 2512	0.18786513805389404
2024-09-29 15:12:01,190 2528	0.18009167909622192
2024-09-29 15:12:28,089 2544	0.1831074357032776
2024-09-29 15:12:53,233 2560	0.18188151717185974
2024-09-29 15:13:18,662 2576	0.1822180151939392
2024-09-29 15:13:46,869 2592	0.1831827163696289
2024-09-29 15:14:16,733 2608	0.18282830715179443
2024-09-29 15:14:41,958 2624	0.17958644032478333
2024-09-29 15:15:08,395 2640	0.18292754888534546
2024-09-29 15:15:36,751 2656	0.18397116661071777
2024-09-29 15:16:05,773 2672	0.18261224031448364
2024-09-29 15:16:35,977 2688	0.1835135519504547
2024-09-29 15:17:00,616 2704	0.18241214752197266
2024-09-29 15:17:31,380 2720	0.18163949251174927
2024-09-29 15:18:01,901 2736	0.18175485730171204
2024-09-29 15:18:29,725 2752	0.1830221712589264
2024-09-29 15:18:57,502 2768	0.1822369396686554
2024-09-29 15:19:23,291 2784	0.1823471635580063
2024-09-29 15:19:54,877 2800	0.18140973150730133
2024-09-29 15:20:25,364 2816	0.18287736177444458
2024-09-29 15:20:55,851 2832	0.18112778663635254
2024-09-29 15:21:22,171 2848	0.18183355033397675
2024-09-29 15:21:46,732 2864	0.18479323387145996
2024-09-29 15:22:14,945 2880	0.1860978752374649
2024-09-29 15:22:43,925 2896	0.1838786005973816
2024-09-29 15:23:07,725 2912	0.17803433537483215
2024-09-29 15:23:32,617 2928	0.18132784962654114
2024-09-29 15:24:00,936 2944	0.1813356578350067
2024-09-29 15:24:29,468 2960	0.17819583415985107
2024-09-29 15:24:59,288 2976	0.1819189041852951
2024-09-29 15:25:24,942 2992	0.18172617256641388
2024-09-29 15:25:49,702 3008	0.1807081699371338
2024-09-29 15:26:18,362 3024	0.18092313408851624
2024-09-29 15:26:48,241 3040	0.1823408007621765
2024-09-29 15:27:14,068 3056	0.18210352957248688
2024-09-29 15:27:39,032 3072	0.18419283628463745
2024-09-29 15:28:09,304 3088	0.17947997152805328
2024-09-29 15:28:37,540 3104	0.1811286211013794
2024-09-29 15:29:05,183 3120	0.18484961986541748
2024-09-29 15:29:29,249 3136	0.17944782972335815
2024-09-29 15:29:54,226 3152	0.1788705438375473
2024-09-29 15:30:22,455 3168	0.1814722716808319
2024-09-29 15:30:50,624 3184	0.18212853372097015
2024-09-29 15:31:16,760 3200	0.18680226802825928
2024-09-29 15:31:43,617 3216	0.18144530057907104
2024-09-29 15:32:13,108 3232	0.18160507082939148
2024-09-29 15:32:43,905 3248	0.18150728940963745
2024-09-29 15:33:14,682 3264	0.17844772338867188
2024-09-29 15:33:44,094 3280	0.18095222115516663
2024-09-29 15:34:04,358 3296	0.18611939251422882
2024-09-29 15:34:32,271 3312	0.18150612711906433
2024-09-29 15:35:00,504 3328	0.18320029973983765
2024-09-29 15:35:29,085 3344	0.17976272106170654
2024-09-29 15:35:49,329 3360	0.18414142727851868
2024-09-29 15:36:19,324 3376	0.18092793226242065
2024-09-29 15:36:46,860 3392	0.17844146490097046
2024-09-29 15:37:13,129 3408	0.18048278987407684
2024-09-29 15:37:35,598 3424	0.17998851835727692
2024-09-29 15:38:04,035 3440	0.17560794949531555
2024-09-29 15:38:32,083 3456	0.17961245775222778
2024-09-29 15:39:00,047 3472	0.1775871217250824
2024-09-29 15:39:21,171 3488	0.17475660145282745
2024-09-29 15:39:48,253 3504	0.18051280081272125
2024-09-29 15:40:17,136 3520	0.17861303687095642
2024-09-29 15:40:45,050 3536	0.1760159730911255
2024-09-29 15:41:11,023 3552	0.17726020514965057
2024-09-29 15:41:35,489 3568	0.17604802548885345
2024-09-29 15:42:04,036 3584	0.17767450213432312
2024-09-29 15:42:32,063 3600	0.17360898852348328
2024-09-29 15:42:57,321 3616	0.175232395529747
2024-09-29 15:43:21,739 3632	0.1713280975818634
2024-09-29 15:43:49,803 3648	0.17544947564601898
2024-09-29 15:44:17,582 3664	0.17475910484790802
2024-09-29 15:44:41,564 3680	0.17040899395942688
2024-09-29 15:45:06,120 3696	0.17403706908226013
2024-09-29 15:45:35,629 3712	0.17458543181419373
2024-09-29 15:46:05,574 3728	0.18398016691207886
2024-09-29 15:46:33,551 3744	0.175451397895813
2024-09-29 15:46:58,309 3760	0.17268049716949463
2024-09-29 15:47:22,557 3776	0.16656146943569183
2024-09-29 15:47:50,401 3792	0.1703624427318573
2024-09-29 15:48:17,647 3808	0.16760697960853577
2024-09-29 15:48:38,438 3824	0.1642082780599594
2024-09-29 15:49:08,858 3840	0.163187637925148
2024-09-29 15:49:38,025 3856	0.16000112891197205
2024-09-29 15:50:08,447 3872	0.15973374247550964
2024-09-29 15:50:37,260 3888	0.16373273730278015
2024-09-29 15:51:02,064 3904	0.16231787204742432
2024-09-29 15:51:27,232 3920	0.15580466389656067
2024-09-29 15:51:56,358 3936	0.15814483165740967
2024-09-29 15:52:24,594 3952	0.14748141169548035
2024-09-29 15:52:48,221 3968	0.15575265884399414
2024-09-29 15:53:13,743 3984	0.15403255820274353
2024-09-29 15:53:42,160 4000	0.14605408906936646
2024-09-29 15:54:10,687 4016	0.14683645963668823
2024-09-29 15:54:34,607 4032	0.1374821662902832
2024-09-29 15:54:59,407 4048	0.138776496052742
2024-09-29 15:55:29,357 4064	0.13534706830978394
2024-09-29 15:55:58,617 4080	0.1391853243112564
2024-09-29 15:56:28,488 4096	0.13948169350624084
2024-09-29 15:56:53,521 4112	0.12358875572681427
2024-09-29 15:57:18,449 4128	0.12863211333751678
2024-09-29 15:57:48,639 4144	0.12237395346164703
2024-09-29 15:58:18,342 4160	0.11808465421199799
2024-09-29 15:58:48,103 4176	0.1078704223036766
2024-09-29 15:59:14,942 4192	0.10308684408664703
2024-09-29 15:59:38,402 4208	0.10138601064682007
2024-09-29 16:00:08,686 4224	0.09727153927087784
2024-09-29 16:00:37,730 4240	0.09611324965953827
2024-09-29 16:01:06,634 4256	0.0937395840883255
2024-09-29 16:01:34,511 4272	0.08216409385204315
2024-09-29 16:01:56,637 4288	0.09181630611419678
2024-09-29 16:02:26,982 4304	0.08241439610719681
2024-09-29 16:02:57,242 4320	0.08596011996269226
2024-09-29 16:03:27,146 4336	0.07746986299753189
2024-09-29 16:03:50,511 4352	0.081341452896595
2024-09-29 16:04:16,289 4368	0.07906872034072876
2024-09-29 16:04:45,204 4384	0.06890333443880081
2024-09-29 16:05:12,775 4400	0.07879527658224106
2024-09-29 16:05:43,681 4416	0.075063057243824
2024-09-29 16:06:08,853 4432	0.07359415292739868
2024-09-29 16:06:33,287 4448	0.07865578681230545
2024-09-29 16:07:03,387 4464	0.07197955995798111
2024-09-29 16:07:31,691 4480	0.07122164219617844
2024-09-29 16:07:56,911 4496	0.06243637949228287
2024-09-29 16:08:26,824 4512	0.06396978348493576
2024-09-29 16:08:51,523 4528	0.06744524836540222
2024-09-29 16:09:19,235 4544	0.06091897189617157
2024-09-29 16:09:48,879 4560	0.06421571969985962
2024-09-29 16:10:15,168 4576	0.0633905678987503
2024-09-29 16:10:39,799 4592	0.055801570415496826
2024-09-29 16:11:08,068 4608	0.05863223224878311
2024-09-29 16:11:35,354 4624	0.06508541107177734
2024-09-29 16:12:01,073 4640	0.04912959411740303
2024-09-29 16:12:23,687 4656	0.04902628809213638
2024-09-29 16:12:45,027 4672	0.05146775394678116
2024-09-29 16:13:05,541 4688	0.05266088992357254
2024-09-29 16:13:26,704 4704	0.051555052399635315
2024-09-29 16:13:48,215 4720	0.053063616156578064
2024-09-29 16:14:09,798 4736	0.056796908378601074
2024-09-29 16:14:29,832 4752	0.05314812809228897
2024-09-29 16:14:50,919 4768	0.054645564407110214
2024-09-29 16:15:11,406 4784	0.04963037371635437
2024-09-29 16:15:32,450 4800	0.05224236845970154
2024-09-29 16:15:53,052 4816	0.04685790091753006
2024-09-29 16:16:13,399 4832	0.05554991215467453
2024-09-29 16:16:34,249 4848	0.05561313033103943
2024-09-29 16:16:54,847 4864	0.05345671623945236
2024-09-29 16:17:15,989 4880	0.042109426110982895
2024-09-29 16:17:36,218 4896	0.04537513107061386
2024-09-29 16:17:56,369 4912	0.05665157362818718
2024-09-29 16:18:17,497 4928	0.049608759582042694
2024-09-29 16:18:36,947 4944	0.03364918753504753
2024-09-29 16:18:57,294 4960	0.04789459705352783
2024-09-29 16:19:17,028 4976	0.04738173633813858
2024-09-29 16:19:36,925 4992	0.04756277799606323
2024-09-29 16:19:57,370 5008	0.06056840717792511
2024-09-29 16:20:17,770 5024	0.04430423304438591
2024-09-29 16:20:37,889 5040	0.04430411756038666
2024-09-29 16:20:58,067 5056	0.04747031629085541
2024-09-29 16:21:18,359 5072	0.04403604939579964
2024-09-29 16:21:39,633 5088	0.04731755703687668
2024-09-29 16:21:59,545 5104	0.03895119950175285
2024-09-29 16:22:20,296 5120	0.045835983008146286
2024-09-29 16:22:41,389 5136	0.04453376308083534
2024-09-29 16:23:02,362 5152	0.05283135548233986
2024-09-29 16:23:24,190 5168	0.04680194705724716
2024-09-29 16:23:44,041 5184	0.03673417493700981
2024-09-29 16:24:04,793 5200	0.03760850057005882
2024-09-29 16:24:25,151 5216	0.03846151381731033
2024-09-29 16:24:45,934 5232	0.03972891345620155
2024-09-29 16:25:07,079 5248	0.03891045227646828
2024-09-29 16:25:27,099 5264	0.0405159518122673
2024-09-29 16:25:46,168 5280	0.04272645711898804
2024-09-29 16:26:06,962 5296	0.039680369198322296
2024-09-29 16:26:27,451 5312	0.039250828325748444
2024-09-29 16:26:48,265 5328	0.04874000698328018
2024-09-29 16:27:09,009 5344	0.038695115596055984
2024-09-29 16:27:28,953 5360	0.03408122807741165
2024-09-29 16:27:49,553 5376	0.044442348182201385
2024-09-29 16:28:09,265 5392	0.050566837191581726
2024-09-29 16:28:29,588 5408	0.04071822017431259
2024-09-29 16:28:50,504 5424	0.0364941731095314
2024-09-29 16:29:10,370 5440	0.040514104068279266
2024-09-29 16:29:30,819 5456	0.04924200102686882
2024-09-29 16:29:50,678 5472	0.04255691170692444
2024-09-29 16:30:11,825 5488	0.03902397304773331
2024-09-29 16:30:33,598 5504	0.03430468589067459
2024-09-29 16:30:54,190 5520	0.03913755714893341
2024-09-29 16:31:14,271 5536	0.03891550749540329
2024-09-29 16:31:33,886 5552	0.038742441684007645
2024-09-29 16:31:54,007 5568	0.03654792904853821
2024-09-29 16:32:14,674 5584	0.042003143578767776
2024-09-29 16:32:36,128 5600	0.04359998553991318
2024-09-29 16:32:57,343 5616	0.038055066019296646
2024-09-29 16:33:16,548 5632	0.02649567276239395
2024-09-29 16:33:36,364 5648	0.03187200054526329
2024-09-29 16:33:55,748 5664	0.03210284560918808
2024-09-29 16:34:16,989 5680	0.04342734441161156
2024-09-29 16:34:37,970 5696	0.03561168164014816
2024-09-29 16:34:59,042 5712	0.035157736390829086
2024-09-29 16:35:18,748 5728	0.042755454778671265
2024-09-29 16:35:39,380 5744	0.03315148502588272
2024-09-29 16:35:58,990 5760	0.031365782022476196
2024-09-29 16:36:19,044 5776	0.03883598372340202
2024-09-29 16:36:39,041 5792	0.034692324697971344
2024-09-29 16:36:59,469 5808	0.034049421548843384
2024-09-29 16:37:19,653 5824	0.035966478288173676
2024-09-29 16:37:39,866 5840	0.032960645854473114
2024-09-29 16:38:00,682 5856	0.027912842109799385
2024-09-29 16:38:21,561 5872	0.041665688157081604
2024-09-29 16:38:49,266 5888	0.035171397030353546
2024-09-29 16:39:17,737 5904	0.0409979447722435
2024-09-29 16:39:44,067 5920	0.03195357322692871
2024-09-29 16:40:04,348 5936	0.033645015209913254
2024-09-29 16:40:33,168 5952	0.036825649440288544
2024-09-29 16:40:53,951 5968	0.0390583761036396
2024-09-29 16:41:13,838 5984	0.02903382107615471
2024-09-29 16:41:33,854 6000	0.027293045073747635
2024-09-29 16:41:53,975 6016	0.029219018295407295
2024-09-29 16:42:14,186 6032	0.034326665103435516
2024-09-29 16:42:34,536 6048	0.036176495254039764
2024-09-29 16:42:53,776 6064	0.03440835326910019
2024-09-29 16:43:14,127 6080	0.03404897451400757
2024-09-29 16:43:34,746 6096	0.029637983068823814
2024-09-29 16:44:02,845 6112	0.03271934390068054
2024-09-29 16:44:27,416 6128	0.03964664787054062
2024-09-29 16:44:53,002 6144	0.03025486133992672
2024-09-29 16:45:21,531 6160	0.03396311774849892
2024-09-29 16:45:49,286 6176	0.03666841238737106
2024-09-29 16:46:13,636 6192	0.02924451231956482
2024-09-29 16:46:37,999 6208	0.03154468536376953
2024-09-29 16:46:54,911 6216	0.03686082363128662
2024-09-29 16:46:55,096 End of Epoch 1
2024-09-29 16:46:55,097 Macro-Average Train loss over epoch:	0.14332940839854294
2024-09-29 17:03:20,742 Average Validation loss over epoch:	0.5121800917916316
2024-09-29 17:03:20,742 Best Validation Epoch:	1
2024-09-29 17:03:20,742 Best Validation Loss:	0.5121800917916316
2024-09-29 17:03:20,742 Patience Counter:	0
2024-09-29 17:03:20,742 Epoch 2:
2024-09-29 17:03:20,742 Learning Rate: 0.0009
2024-09-29 17:03:20,742 Patience Delta : -0.05
2024-09-29 17:03:20,742 Train Step	Batch Loss
2024-09-29 17:03:37,021 16	0.0324021577835083
2024-09-29 17:03:54,625 32	0.0316196046769619
2024-09-29 17:04:13,063 48	0.02718174085021019
2024-09-29 17:04:31,838 64	0.03046448342502117
2024-09-29 17:04:50,640 80	0.029185231775045395
2024-09-29 17:05:10,820 96	0.02982962876558304
2024-09-29 17:05:29,506 112	0.023523271083831787
2024-09-29 17:05:48,417 128	0.031266771256923676
2024-09-29 17:06:09,124 144	0.02953990362584591
2024-09-29 17:06:29,459 160	0.03342319652438164
2024-09-29 17:06:47,905 176	0.02330620400607586
2024-09-29 17:07:06,539 192	0.027113046497106552
2024-09-29 17:07:24,811 208	0.021706216037273407
2024-09-29 17:07:42,868 224	0.025974776595830917
2024-09-29 17:08:02,488 240	0.029749039560556412
2024-09-29 17:08:22,112 256	0.034432463347911835
2024-09-29 17:08:41,740 272	0.027484014630317688
2024-09-29 17:08:59,790 288	0.028555676341056824
2024-09-29 17:09:17,992 304	0.029767148196697235
2024-09-29 17:09:36,822 320	0.035684581845998764
2024-09-29 17:09:55,575 336	0.04323321953415871
2024-09-29 17:10:13,919 352	0.02756279520690441
2024-09-29 17:10:33,357 368	0.03289128839969635
2024-09-29 17:10:52,602 384	0.034006476402282715
2024-09-29 17:11:11,076 400	0.02276001311838627
2024-09-29 17:11:31,248 416	0.02735959365963936
2024-09-29 17:11:50,436 432	0.03155764937400818
2024-09-29 17:12:08,756 448	0.026406321674585342
2024-09-29 17:12:26,476 464	0.028898611664772034
2024-09-29 17:12:45,756 480	0.026154011487960815
2024-09-29 17:13:03,782 496	0.020591236650943756
2024-09-29 17:13:22,734 512	0.029126452282071114
2024-09-29 17:13:41,882 528	0.025773821398615837
2024-09-29 17:14:00,880 544	0.02423776127398014
2024-09-29 17:14:19,536 560	0.019171997904777527
2024-09-29 17:14:38,410 576	0.018827158957719803
2024-09-29 17:14:57,074 592	0.026604901999235153
2024-09-29 17:15:15,510 608	0.03376828879117966
2024-09-29 17:15:33,484 624	0.026674441993236542
2024-09-29 17:15:52,293 640	0.029859010130167007
2024-09-29 17:16:12,633 656	0.02620997279882431
2024-09-29 17:16:31,054 672	0.020512592047452927
2024-09-29 17:16:49,757 688	0.027487117797136307
2024-09-29 17:17:07,681 704	0.02562476508319378
2024-09-29 17:17:25,958 720	0.02570224180817604
2024-09-29 17:17:45,187 736	0.023943375796079636
2024-09-29 17:18:04,510 752	0.031515054404735565
2024-09-29 17:18:23,163 768	0.024211375042796135
2024-09-29 17:18:41,949 784	0.023128535598516464
2024-09-29 17:18:59,691 800	0.027697306126356125
2024-09-29 17:19:18,807 816	0.030245494097471237
2024-09-29 17:19:37,501 832	0.028775788843631744
2024-09-29 17:19:57,484 848	0.02870013937354088
2024-09-29 17:20:16,657 864	0.02515185810625553
2024-09-29 17:20:35,818 880	0.02601233683526516
2024-09-29 17:20:55,545 896	0.023915912955999374
2024-09-29 17:21:14,071 912	0.014928113669157028
2024-09-29 17:21:31,873 928	0.027190253138542175
2024-09-29 17:21:50,567 944	0.025361137464642525
2024-09-29 17:22:09,175 960	0.02645920217037201
2024-09-29 17:22:27,660 976	0.022543836385011673
2024-09-29 17:22:46,831 992	0.03175460919737816
2024-09-29 17:23:05,095 1008	0.025198612362146378
2024-09-29 17:23:23,254 1024	0.026718854904174805
2024-09-29 17:23:42,221 1040	0.017595846205949783
2024-09-29 17:24:00,048 1056	0.0311417318880558
2024-09-29 17:24:19,829 1072	0.026265542954206467
2024-09-29 17:24:38,184 1088	0.03015035018324852
2024-09-29 17:24:56,821 1104	0.021662097424268723
2024-09-29 17:25:15,126 1120	0.02084103412926197
2024-09-29 17:25:33,179 1136	0.023056786507368088
2024-09-29 17:25:52,751 1152	0.02182444930076599
2024-09-29 17:26:11,561 1168	0.022518876940011978
2024-09-29 17:26:30,000 1184	0.024709083139896393
2024-09-29 17:26:49,459 1200	0.021290699020028114
2024-09-29 17:27:08,014 1216	0.024114174768328667
2024-09-29 17:27:26,567 1232	0.018082663416862488
2024-09-29 17:27:45,020 1248	0.023950641974806786
2024-09-29 17:28:02,878 1264	0.021762264892458916
2024-09-29 17:28:22,503 1280	0.0265839584171772
2024-09-29 17:28:41,795 1296	0.021724846214056015
2024-09-29 17:29:00,736 1312	0.020811524242162704
2024-09-29 17:29:18,541 1328	0.026120755821466446
2024-09-29 17:29:37,775 1344	0.028290994465351105
2024-09-29 17:29:56,752 1360	0.020492710173130035
2024-09-29 17:30:15,736 1376	0.02009681612253189
2024-09-29 17:30:34,276 1392	0.024568505585193634
2024-09-29 17:30:52,266 1408	0.020644519478082657
2024-09-29 17:31:10,817 1424	0.025178421288728714
2024-09-29 17:31:29,092 1440	0.02788534015417099
2024-09-29 17:31:49,166 1456	0.01813804730772972
2024-09-29 17:32:08,836 1472	0.02407321333885193
2024-09-29 17:32:27,990 1488	0.021306980401277542
2024-09-29 17:32:46,184 1504	0.02266738936305046
2024-09-29 17:33:03,742 1520	0.02230660431087017
2024-09-29 17:33:25,391 1536	0.025974534451961517
2024-09-29 17:33:44,283 1552	0.020950060337781906
2024-09-29 17:34:02,757 1568	0.027105584740638733
2024-09-29 17:34:21,004 1584	0.01617591455578804
2024-09-29 17:34:39,864 1600	0.02394813299179077
2024-09-29 17:34:59,075 1616	0.019321320578455925
2024-09-29 17:35:16,683 1632	0.02251705527305603
2024-09-29 17:35:35,663 1648	0.01823093742132187
2024-09-29 17:35:54,131 1664	0.024693239480257034
2024-09-29 17:36:13,509 1680	0.022124117240309715
2024-09-29 17:36:32,806 1696	0.0238190870732069
2024-09-29 17:36:51,690 1712	0.020152095705270767
2024-09-29 17:37:09,720 1728	0.023665674030780792
2024-09-29 17:37:28,344 1744	0.024534452706575394
2024-09-29 17:37:47,504 1760	0.022155925631523132
2024-09-29 17:38:06,065 1776	0.01966121233999729
2024-09-29 17:38:24,214 1792	0.017079975455999374
2024-09-29 17:38:42,096 1808	0.022384725511074066
2024-09-29 17:39:01,368 1824	0.02033286914229393
2024-09-29 17:39:19,637 1840	0.019031718373298645
2024-09-29 17:39:38,948 1856	0.020236585289239883
2024-09-29 17:39:57,892 1872	0.016936160624027252
2024-09-29 17:40:16,764 1888	0.028299497440457344
2024-09-29 17:40:35,129 1904	0.024292338639497757
2024-09-29 17:40:53,699 1920	0.023001668974757195
2024-09-29 17:41:13,320 1936	0.02141098491847515
2024-09-29 17:41:32,027 1952	0.022118771448731422
2024-09-29 17:41:51,080 1968	0.02070695161819458
2024-09-29 17:42:09,033 1984	0.022138472646474838
2024-09-29 17:42:27,551 2000	0.02146131917834282
2024-09-29 17:42:46,982 2016	0.014181599952280521
2024-09-29 17:43:06,902 2032	0.021515244618058205
2024-09-29 17:43:25,464 2048	0.020035218447446823
2024-09-29 17:43:44,409 2064	0.022219903767108917
2024-09-29 17:44:02,743 2080	0.019066045060753822
2024-09-29 17:44:21,988 2096	0.01870398223400116
2024-09-29 17:44:40,100 2112	0.016757555305957794
2024-09-29 17:44:58,654 2128	0.018823768943548203
2024-09-29 17:45:17,773 2144	0.020557526499032974
2024-09-29 17:45:36,536 2160	0.021206624805927277
2024-09-29 17:45:56,374 2176	0.01246084738522768
2024-09-29 17:46:14,630 2192	0.021766670048236847
2024-09-29 17:46:32,965 2208	0.015457137487828732
2024-09-29 17:46:51,533 2224	0.024329498410224915
2024-09-29 17:47:10,396 2240	0.016537094488739967
2024-09-29 17:47:28,599 2256	0.028694966807961464
2024-09-29 17:47:46,947 2272	0.02170645445585251
2024-09-29 17:48:05,883 2288	0.03096446767449379
2024-09-29 17:48:25,087 2304	0.014169951900839806
2024-09-29 17:48:43,705 2320	0.01664966531097889
2024-09-29 17:49:02,628 2336	0.020977884531021118
2024-09-29 17:49:20,186 2352	0.0188760869204998
2024-09-29 17:49:39,050 2368	0.0217408686876297
2024-09-29 17:49:58,162 2384	0.014918895438313484
2024-09-29 17:50:16,314 2400	0.015033811330795288
2024-09-29 17:50:35,001 2416	0.01456631813198328
2024-09-29 17:50:53,932 2432	0.017343346029520035
2024-09-29 17:51:12,203 2448	0.01744075119495392
2024-09-29 17:51:30,657 2464	0.019397834315896034
2024-09-29 17:51:48,554 2480	0.01570097729563713
2024-09-29 17:52:08,137 2496	0.018440186977386475
2024-09-29 17:52:26,303 2512	0.020630739629268646
2024-09-29 17:52:44,744 2528	0.019955318421125412
2024-09-29 17:53:04,446 2544	0.011974811553955078
2024-09-29 17:53:23,588 2560	0.015303656458854675
2024-09-29 17:53:42,879 2576	0.021911950781941414
2024-09-29 17:54:01,831 2592	0.023587197065353394
2024-09-29 17:54:20,132 2608	0.019510595127940178
2024-09-29 17:54:38,413 2624	0.01586170867085457
2024-09-29 17:54:55,674 2640	0.02112332545220852
2024-09-29 17:55:13,460 2656	0.015226166695356369
2024-09-29 17:55:31,713 2672	0.013951260596513748
2024-09-29 17:55:51,154 2688	0.017603274434804916
2024-09-29 17:56:10,545 2704	0.01726575940847397
2024-09-29 17:56:28,446 2720	0.01730688102543354
2024-09-29 17:56:48,214 2736	0.025798192247748375
2024-09-29 17:57:06,371 2752	0.01533078495413065
2024-09-29 17:57:23,846 2768	0.02691258117556572
2024-09-29 17:57:42,011 2784	0.024765077978372574
2024-09-29 17:57:59,691 2800	0.0132987592369318
2024-09-29 17:58:18,260 2816	0.0166412852704525
2024-09-29 17:58:37,706 2832	0.009356018155813217
2024-09-29 17:58:57,517 2848	0.012728165835142136
2024-09-29 17:59:16,228 2864	0.011677348986268044
2024-09-29 17:59:35,283 2880	0.014090178534388542
2024-09-29 17:59:54,826 2896	0.01571548730134964
2024-09-29 18:00:13,405 2912	0.012116901576519012
2024-09-29 18:00:31,597 2928	0.0169035866856575
2024-09-29 18:00:50,455 2944	0.015120983123779297
2024-09-29 18:01:08,656 2960	0.013522753491997719
2024-09-29 18:01:27,332 2976	0.015477127395570278
2024-09-29 18:01:48,784 2992	0.011696982197463512
2024-09-29 18:02:07,500 3008	0.014376822859048843
2024-09-29 18:02:26,828 3024	0.013891846872866154
2024-09-29 18:02:44,911 3040	0.013510952703654766
2024-09-29 18:03:03,329 3056	0.01144290529191494
2024-09-29 18:03:22,237 3072	0.011132399551570415
2024-09-29 18:03:40,569 3088	0.019011925905942917
2024-09-29 18:04:00,952 3104	0.023774392902851105
2024-09-29 18:04:20,257 3120	0.013787182047963142
2024-09-29 18:04:37,728 3136	0.014475725591182709
2024-09-29 18:04:56,272 3152	0.013837778940796852
2024-09-29 18:05:15,618 3168	0.01844145730137825
2024-09-29 18:05:34,386 3184	0.01825353503227234
2024-09-29 18:05:53,192 3200	0.013525370508432388
2024-09-29 18:06:10,952 3216	0.009420929476618767
2024-09-29 18:06:29,658 3232	0.009819867089390755
2024-09-29 18:06:48,034 3248	0.018451347947120667
2024-09-29 18:07:06,578 3264	0.017485005781054497
2024-09-29 18:07:26,671 3280	0.016780171543359756
2024-09-29 18:07:45,644 3296	0.01632598787546158
2024-09-29 18:08:05,365 3312	0.01398472860455513
2024-09-29 18:08:24,767 3328	0.01606825180351734
2024-09-29 18:08:44,432 3344	0.016170596703886986
2024-09-29 18:09:02,697 3360	0.016227226704359055
2024-09-29 18:09:21,479 3376	0.01609620451927185
2024-09-29 18:09:39,487 3392	0.01662997342646122
2024-09-29 18:10:00,014 3408	0.01158328540623188
2024-09-29 18:10:19,000 3424	0.011630598455667496
2024-09-29 18:10:38,617 3440	0.007719416171312332
2024-09-29 18:10:57,467 3456	0.015731042250990868
2024-09-29 18:11:16,681 3472	0.012727439403533936
2024-09-29 18:11:38,221 3488	0.018499424681067467
2024-09-29 18:11:57,931 3504	0.02118934690952301
2024-09-29 18:12:17,884 3520	0.01312414463609457
2024-09-29 18:12:37,766 3536	0.008784692734479904
2024-09-29 18:12:59,053 3552	0.018703008070588112
2024-09-29 18:13:19,101 3568	0.01720314845442772
2024-09-29 18:13:38,309 3584	0.017895180732011795
2024-09-29 18:13:56,959 3600	0.01762242428958416
2024-09-29 18:14:17,308 3616	0.012723322957754135
2024-09-29 18:14:37,310 3632	0.013624774292111397
2024-09-29 18:14:57,585 3648	0.015743056312203407
2024-09-29 18:15:16,840 3664	0.010906417854130268
2024-09-29 18:15:35,332 3680	0.011366168968379498
2024-09-29 18:15:53,358 3696	0.013768957927823067
2024-09-29 18:16:13,143 3712	0.010319292545318604
2024-09-29 18:16:31,854 3728	0.012972335331141949
2024-09-29 18:16:50,960 3744	0.01650732383131981
2024-09-29 18:17:09,888 3760	0.009751049801707268
2024-09-29 18:17:29,030 3776	0.016392435878515244
2024-09-29 18:17:49,285 3792	0.015608957037329674
2024-09-29 18:18:08,554 3808	0.014560981653630733
2024-09-29 18:18:28,040 3824	0.01170315220952034
2024-09-29 18:18:47,699 3840	0.016686294227838516
2024-09-29 18:19:06,245 3856	0.015301166102290154
2024-09-29 18:19:25,721 3872	0.015775835141539574
2024-09-29 18:19:47,291 3888	0.022063586860895157
2024-09-29 18:20:07,523 3904	0.019215170294046402
2024-09-29 18:20:27,084 3920	0.010429248213768005
2024-09-29 18:20:46,964 3936	0.01388508453965187
2024-09-29 18:21:06,573 3952	0.009724954143166542
2024-09-29 18:21:26,671 3968	0.023231208324432373
2024-09-29 18:21:47,261 3984	0.013136565685272217
2024-09-29 18:22:07,902 4000	0.016638461500406265
2024-09-29 18:22:27,296 4016	0.012933105230331421
2024-09-29 18:22:45,658 4032	0.009907416999340057
2024-09-29 18:23:04,923 4048	0.012408975511789322
2024-09-29 18:23:24,753 4064	0.010486703366041183
2024-09-29 18:23:43,353 4080	0.015095126815140247
2024-09-29 18:24:02,297 4096	0.01452223677188158
2024-09-29 18:24:22,759 4112	0.016918759793043137
2024-09-29 18:24:40,967 4128	0.017588263377547264
2024-09-29 18:25:00,031 4144	0.012705815024673939
2024-09-29 18:25:18,480 4160	0.022307824343442917
2024-09-29 18:25:36,056 4176	0.013343502767384052
2024-09-29 18:25:55,894 4192	0.01030715648084879
2024-09-29 18:26:15,267 4208	0.021813206374645233
2024-09-29 18:26:34,239 4224	0.010240297764539719
2024-09-29 18:26:53,709 4240	0.012439290061593056
2024-09-29 18:27:18,128 4256	0.013905715197324753
2024-09-29 18:27:39,368 4272	0.012872621417045593
2024-09-29 18:27:58,485 4288	0.015406896360218525
2024-09-29 18:28:16,327 4304	0.011332321912050247
2024-09-29 18:28:37,169 4320	0.01240124087780714
2024-09-29 18:28:56,236 4336	0.01663566753268242
2024-09-29 18:29:15,893 4352	0.014446364715695381
2024-09-29 18:29:35,777 4368	0.009117367677390575
2024-09-29 18:29:58,315 4384	0.013922721147537231
2024-09-29 18:30:19,040 4400	0.009180025197565556
2024-09-29 18:30:38,130 4416	0.01475480105727911
2024-09-29 18:30:58,369 4432	0.008870632387697697
2024-09-29 18:31:18,159 4448	0.015295790508389473
2024-09-29 18:31:39,959 4464	0.016345087438821793
2024-09-29 18:32:03,042 4480	0.011141730472445488
2024-09-29 18:32:29,600 4496	0.012829441577196121
2024-09-29 18:32:54,075 4512	0.008092024363577366
2024-09-29 18:33:15,368 4528	0.0147269731387496
2024-09-29 18:33:37,067 4544	0.009753692895174026
2024-09-29 18:33:58,906 4560	0.012174895033240318
2024-09-29 18:34:19,000 4576	0.01360449381172657
2024-09-29 18:34:40,856 4592	0.028410758823156357
2024-09-29 18:35:04,795 4608	0.011308247223496437
2024-09-29 18:35:24,455 4624	0.007883623242378235
2024-09-29 18:35:44,982 4640	0.008315362967550755
2024-09-29 18:36:06,470 4656	0.009612982161343098
2024-09-29 18:36:26,531 4672	0.012940391898155212
2024-09-29 18:36:47,072 4688	0.01960477977991104
2024-09-29 18:37:06,859 4704	0.011492387391626835
2024-09-29 18:37:29,378 4720	0.011011479422450066
2024-09-29 18:37:51,693 4736	0.010697114281356335
2024-09-29 18:38:15,060 4752	0.01902570202946663
2024-09-29 18:38:38,842 4768	0.008057169616222382
2024-09-29 18:39:03,690 4784	0.018562817946076393
2024-09-29 18:39:28,085 4800	0.0117483614012599
2024-09-29 18:39:48,557 4816	0.014317993074655533
2024-09-29 18:40:08,417 4832	0.010811897926032543
2024-09-29 18:40:28,708 4848	0.01203151885420084
2024-09-29 18:40:49,768 4864	0.019009903073310852
2024-09-29 18:41:09,592 4880	0.011952956207096577
2024-09-29 18:41:30,675 4896	0.01433370541781187
2024-09-29 18:41:51,266 4912	0.01321945060044527
2024-09-29 18:42:10,522 4928	0.011962292715907097
2024-09-29 18:42:28,645 4944	0.008119827136397362
2024-09-29 18:42:47,103 4960	0.012290490791201591
2024-09-29 18:43:07,384 4976	0.011428765952587128
2024-09-29 18:43:26,263 4992	0.016211308538913727
2024-09-29 18:43:44,944 5008	0.016453608870506287
2024-09-29 18:44:02,686 5024	0.00966577511280775
2024-09-29 18:44:22,314 5040	0.01616152748465538
2024-09-29 18:44:41,014 5056	0.007608836982399225
2024-09-29 18:45:00,724 5072	0.014282220043241978
2024-09-29 18:45:19,580 5088	0.015549411997199059
2024-09-29 18:45:39,680 5104	0.02208184450864792
2024-09-29 18:46:00,574 5120	0.011689307168126106
2024-09-29 18:46:19,862 5136	0.007850777357816696
2024-09-29 18:46:39,094 5152	0.01573038659989834
2024-09-29 18:47:00,502 5168	0.013971513137221336
2024-09-29 18:47:20,803 5184	0.015777815133333206
2024-09-29 18:47:41,812 5200	0.013984601013362408
2024-09-29 18:48:00,135 5216	0.018897922709584236
2024-09-29 18:48:20,579 5232	0.011303534731268883
2024-09-29 18:48:40,676 5248	0.016039006412029266
2024-09-29 18:49:01,743 5264	0.013671142980456352
2024-09-29 18:49:26,228 5280	0.015260951593518257
2024-09-29 18:49:50,375 5296	0.010131414979696274
2024-09-29 18:50:13,536 5312	0.009016193449497223
2024-09-29 18:50:38,354 5328	0.008953096345067024
2024-09-29 18:51:02,384 5344	0.009697753004729748
2024-09-29 18:51:23,980 5360	0.011663731187582016
2024-09-29 18:51:43,220 5376	0.013213601894676685
2024-09-29 18:52:05,328 5392	0.01107749342918396
2024-09-29 18:52:26,346 5408	0.009903354570269585
2024-09-29 18:52:46,580 5424	0.00908235739916563
2024-09-29 18:53:05,157 5440	0.017097175121307373
2024-09-29 18:53:25,347 5456	0.016934167593717575
2024-09-29 18:53:45,409 5472	0.005999603774398565
2024-09-29 18:54:03,779 5488	0.008220745250582695
2024-09-29 18:54:25,221 5504	0.010404645465314388
2024-09-29 18:54:45,950 5520	0.013512156903743744
2024-09-29 18:55:09,415 5536	0.01168953999876976
2024-09-29 18:55:29,268 5552	0.009398272261023521
2024-09-29 18:55:48,843 5568	0.013328557834029198
2024-09-29 18:56:09,270 5584	0.0111082773655653
2024-09-29 18:56:27,231 5600	0.016904382035136223
2024-09-29 18:56:45,693 5616	0.0154118612408638
2024-09-29 18:57:05,317 5632	0.007421364076435566
2024-09-29 18:57:23,490 5648	0.016587145626544952
2024-09-29 18:57:43,174 5664	0.014777349308133125
2024-09-29 18:58:02,364 5680	0.007506917230784893
2024-09-29 18:58:22,011 5696	0.00969715602695942
2024-09-29 18:58:41,636 5712	0.01593433879315853
2024-09-29 18:59:01,255 5728	0.01835501939058304
2024-09-29 18:59:20,102 5744	0.007427024655044079
2024-09-29 18:59:40,725 5760	0.013739345595240593
2024-09-29 19:00:01,986 5776	0.013523963280022144
2024-09-29 19:00:24,453 5792	0.01320100948214531
2024-09-29 19:00:44,684 5808	0.014771862886846066
2024-09-29 19:01:04,341 5824	0.010895058512687683
2024-09-29 19:01:23,243 5840	0.014121031388640404
2024-09-29 19:01:44,041 5856	0.0131329745054245
2024-09-29 19:02:03,019 5872	0.01176777295768261
2024-09-29 19:02:22,668 5888	0.010210353881120682
2024-09-29 19:02:42,393 5904	0.006463606841862202
2024-09-29 19:03:00,975 5920	0.014432283118367195
2024-09-29 19:03:20,793 5936	0.007657135836780071
2024-09-29 19:03:42,855 5952	0.019487295299768448
2024-09-29 19:04:01,640 5968	0.009956588968634605
2024-09-29 19:04:22,187 5984	0.012815509922802448
2024-09-29 19:04:43,384 6000	0.007946668192744255
2024-09-29 19:05:02,278 6016	0.014484773389995098
2024-09-29 19:05:21,891 6032	0.009715884923934937
2024-09-29 19:05:43,330 6048	0.010233617387712002
2024-09-29 19:06:02,867 6064	0.015365896746516228
2024-09-29 19:06:23,859 6080	0.010780375450849533
2024-09-29 19:06:43,978 6096	0.004774851258844137
2024-09-29 19:07:03,999 6112	0.010946424677968025
2024-09-29 19:07:23,670 6128	0.012346269562840462
2024-09-29 19:07:42,982 6144	0.009731700643897057
2024-09-29 19:08:02,456 6160	0.011229529045522213
2024-09-29 19:08:23,683 6176	0.011436759494245052
2024-09-29 19:08:44,879 6192	0.008129606954753399
2024-09-29 19:09:05,319 6208	0.0168645940721035
2024-09-29 19:09:15,628 6216	0.009630248881876469
2024-09-29 19:09:15,810 End of Epoch 2
2024-09-29 19:09:15,810 Macro-Average Train loss over epoch:	0.017892859407498032
2024-09-29 19:19:37,960 Average Validation loss over epoch:	0.19200617751943252
2024-09-29 19:19:37,961 Best Validation Epoch:	2
2024-09-29 19:19:37,961 Best Validation Loss:	0.19200617751943252
2024-09-29 19:19:37,961 Patience Counter:	0
2024-09-29 19:19:37,961 Epoch 3:
2024-09-29 19:19:37,961 Learning Rate: 0.0009
2024-09-29 19:19:37,962 Patience Delta : -0.05
2024-09-29 19:19:37,962 Train Step	Batch Loss
2024-09-29 19:20:03,094 16	0.012121526524424553
2024-09-29 19:20:26,285 32	0.009204107336699963
2024-09-29 19:20:44,944 48	0.007538758218288422
2024-09-29 19:21:05,494 64	0.007732661906629801
2024-09-29 19:21:24,239 80	0.01017287839204073
2024-09-29 19:21:43,311 96	0.006167612969875336
2024-09-29 19:22:05,507 112	0.011287448927760124
2024-09-29 19:22:24,235 128	0.021385200321674347
2024-09-29 19:22:43,232 144	0.012116053141653538
2024-09-29 19:23:01,028 160	0.004397215787321329
2024-09-29 19:23:20,940 176	0.006769391708076
2024-09-29 19:23:40,389 192	0.005637012422084808
2024-09-29 19:23:59,561 208	0.008522896096110344
2024-09-29 19:24:17,719 224	0.011831158772110939
2024-09-29 19:24:35,559 240	0.005414193496108055
2024-09-29 19:24:54,140 256	0.009443778544664383
2024-09-29 19:25:11,932 272	0.004229621961712837
2024-09-29 19:25:30,089 288	0.006077569909393787
2024-09-29 19:25:49,360 304	0.009747080504894257
2024-09-29 19:26:07,930 320	0.008508650586009026
2024-09-29 19:26:26,279 336	0.010170255787670612
2024-09-29 19:26:45,969 352	0.008961803279817104
2024-09-29 19:27:05,306 368	0.003056037239730358
2024-09-29 19:27:24,374 384	0.004443453159183264
2024-09-29 19:27:41,837 400	0.007764004170894623
2024-09-29 19:28:00,092 416	0.010945422574877739
2024-09-29 19:28:19,292 432	0.012523090466856956
2024-09-29 19:28:37,826 448	0.008528976701200008
2024-09-29 19:28:57,673 464	0.00476839067414403
2024-09-29 19:29:16,259 480	0.01157362014055252
2024-09-29 19:29:35,736 496	0.008959893137216568
2024-09-29 19:29:53,433 512	0.010642517358064651
2024-09-29 19:30:12,073 528	0.008319610729813576
2024-09-29 19:30:30,208 544	0.012482739984989166
2024-09-29 19:30:48,052 560	0.011805933900177479
2024-09-29 19:31:06,409 576	0.008638143539428711
2024-09-29 19:31:24,389 592	0.006632482632994652
2024-09-29 19:31:42,058 608	0.006174247711896896
2024-09-29 19:31:59,935 624	0.012569738551974297
2024-09-29 19:32:16,787 640	0.00840757880359888
2024-09-29 19:32:33,891 656	0.01125103235244751
2024-09-29 19:32:50,914 672	0.004200865048915148
2024-09-29 19:33:08,680 688	0.006453534588217735
2024-09-29 19:33:26,368 704	0.009049469605088234
2024-09-29 19:33:43,058 720	0.007050408516079187
2024-09-29 19:33:59,871 736	0.00617362093180418
2024-09-29 19:34:17,600 752	0.01171280536800623
2024-09-29 19:34:36,230 768	0.006480720359832048
2024-09-29 19:34:54,598 784	0.01948171854019165
2024-09-29 19:35:12,662 800	0.008093491196632385
2024-09-29 19:35:29,365 816	0.007959311828017235
2024-09-29 19:35:47,092 832	0.006373204290866852
2024-09-29 19:36:05,458 848	0.01107033621519804
2024-09-29 19:36:24,864 864	0.0063870796002447605
2024-09-29 19:36:42,567 880	0.008111150935292244
2024-09-29 19:37:00,770 896	0.008330916985869408
2024-09-29 19:37:17,850 912	0.00863951537758112
2024-09-29 19:37:36,318 928	0.006266789510846138
2024-09-29 19:37:53,997 944	0.006355792284011841
2024-09-29 19:38:12,536 960	0.007274715229868889
2024-09-29 19:38:31,027 976	0.01046803593635559
2024-09-29 19:38:47,830 992	0.011233107186853886
2024-09-29 19:39:05,240 1008	0.0051106479950249195
2024-09-29 19:39:23,777 1024	0.007632226683199406
2024-09-29 19:39:41,814 1040	0.00496372114866972
2024-09-29 19:39:58,394 1056	0.006952026393264532
2024-09-29 19:40:15,861 1072	0.01355698425322771
2024-09-29 19:40:33,199 1088	0.008172019384801388
2024-09-29 19:40:50,589 1104	0.008327161893248558
2024-09-29 19:41:08,392 1120	0.009436771273612976
2024-09-29 19:41:25,526 1136	0.005611678585410118
2024-09-29 19:41:42,494 1152	0.005149749107658863
2024-09-29 19:42:00,810 1168	0.010145368054509163
2024-09-29 19:42:18,919 1184	0.008015276864171028
2024-09-29 19:42:36,487 1200	0.007641088683158159
2024-09-29 19:42:53,720 1216	0.004299452528357506
2024-09-29 19:43:11,380 1232	0.006127065978944302
2024-09-29 19:43:29,032 1248	0.00634943088516593
2024-09-29 19:43:46,617 1264	0.008138606324791908
2024-09-29 19:44:03,460 1280	0.0037824686150997877
2024-09-29 19:44:24,975 1296	0.00546546233817935
2024-09-29 19:44:48,435 1312	0.010955467820167542
2024-09-29 19:45:13,938 1328	0.006017413921654224
2024-09-29 19:45:39,477 1344	0.011045603081583977
2024-09-29 19:46:06,188 1360	0.008389151655137539
2024-09-29 19:46:32,668 1376	0.00595495942980051
2024-09-29 19:46:58,607 1392	0.008874297142028809
2024-09-29 19:47:25,011 1408	0.005524740554392338
2024-09-29 19:47:51,943 1424	0.007870354689657688
2024-09-29 19:48:18,094 1440	0.0037695476785302162
2024-09-29 19:48:45,086 1456	0.008054006844758987
2024-09-29 19:49:11,499 1472	0.006720962002873421
2024-09-29 19:49:37,738 1488	0.006815566681325436
2024-09-29 19:50:04,161 1504	0.0072637577541172504
2024-09-29 19:50:30,242 1520	0.008447516709566116
2024-09-29 19:50:56,662 1536	0.01015513762831688
2024-09-29 19:51:22,965 1552	0.009187418967485428
2024-09-29 19:51:48,704 1568	0.010805419646203518
2024-09-29 19:52:14,541 1584	0.007353534456342459
2024-09-29 19:52:40,461 1600	0.007529072463512421
2024-09-29 19:53:05,035 1616	0.0042595937848091125
2024-09-29 19:53:23,354 1632	0.008914565667510033
2024-09-29 19:53:43,678 1648	0.011081509292125702
2024-09-29 19:54:02,740 1664	0.00822216272354126
2024-09-29 19:54:23,501 1680	0.01045912690460682
2024-09-29 19:54:42,877 1696	0.005710534751415253
2024-09-29 19:55:01,318 1712	0.010400097817182541
2024-09-29 19:55:20,875 1728	0.008473088964819908
2024-09-29 19:55:40,787 1744	0.006022569257766008
2024-09-29 19:55:59,074 1760	0.00489111989736557
2024-09-29 19:56:18,474 1776	0.007327604107558727
2024-09-29 19:56:38,200 1792	0.00801645778119564
2024-09-29 19:56:57,103 1808	0.005669939331710339
2024-09-29 19:57:15,991 1824	0.005191690754145384
2024-09-29 19:57:34,564 1840	0.010751066729426384
2024-09-29 19:57:53,502 1856	0.006573498249053955
2024-09-29 19:58:11,398 1872	0.005588936619460583
2024-09-29 19:58:29,869 1888	0.006446362938731909
2024-09-29 19:58:49,119 1904	0.008098984137177467
2024-09-29 19:59:07,858 1920	0.011018852703273296
2024-09-29 19:59:25,688 1936	0.0059205396100878716
2024-09-29 19:59:43,569 1952	0.008200129494071007
2024-09-29 20:00:01,244 1968	0.007455048151314259
2024-09-29 20:00:18,993 1984	0.006593060679733753
2024-09-29 20:00:38,039 2000	0.009331854991614819
2024-09-29 20:00:57,502 2016	0.008485555648803711
2024-09-29 20:01:17,062 2032	0.008756835013628006
2024-09-29 20:01:34,925 2048	0.004105417989194393
2024-09-29 20:01:53,268 2064	0.009322426281869411
2024-09-29 20:02:12,630 2080	0.005083284340798855
2024-09-29 20:02:31,770 2096	0.005720853339880705
2024-09-29 20:02:50,460 2112	0.006810598075389862
2024-09-29 20:03:09,943 2128	0.010373657569289207
2024-09-29 20:03:28,954 2144	0.01010120753198862
2024-09-29 20:03:46,870 2160	0.004213154781609774
2024-09-29 20:04:04,457 2176	0.006111402064561844
2024-09-29 20:04:24,571 2192	0.00750383548438549
2024-09-29 20:04:43,047 2208	0.006787503138184547
2024-09-29 20:05:01,334 2224	0.006583560258150101
2024-09-29 20:05:19,632 2240	0.005275330040603876
2024-09-29 20:05:38,228 2256	0.012280586175620556
2024-09-29 20:05:57,220 2272	0.006476098671555519
2024-09-29 20:06:14,846 2288	0.00891313049942255
2024-09-29 20:06:34,742 2304	0.007915875874459743
2024-09-29 20:06:52,857 2320	0.00904187560081482
2024-09-29 20:07:11,394 2336	0.008700423873960972
2024-09-29 20:07:30,114 2352	0.005845688283443451
2024-09-29 20:07:47,545 2368	0.005657371133565903
2024-09-29 20:08:06,208 2384	0.01087259966880083
2024-09-29 20:08:24,981 2400	0.007839140482246876
2024-09-29 20:08:44,051 2416	0.0064494069665670395
2024-09-29 20:09:02,704 2432	0.009074818342924118
2024-09-29 20:09:21,836 2448	0.008321826346218586
2024-09-29 20:09:39,302 2464	0.006570565514266491
2024-09-29 20:09:58,594 2480	0.006117620971053839
2024-09-29 20:10:17,417 2496	0.008166038431227207
2024-09-29 20:10:36,059 2512	0.0038118574302643538
2024-09-29 20:10:54,042 2528	0.012642786838114262
2024-09-29 20:11:11,587 2544	0.007598329335451126
2024-09-29 20:11:30,143 2560	0.007449835538864136
2024-09-29 20:11:49,494 2576	0.004243331961333752
2024-09-29 20:12:08,135 2592	0.008998749777674675
2024-09-29 20:12:26,549 2608	0.007850141264498234
2024-09-29 20:12:46,064 2624	0.004593176767230034
2024-09-29 20:13:04,589 2640	0.013506975024938583
2024-09-29 20:13:23,494 2656	0.007976312190294266
2024-09-29 20:13:41,844 2672	0.009144260548055172
2024-09-29 20:14:00,857 2688	0.011377053335309029
2024-09-29 20:14:18,176 2704	0.006834127940237522
2024-09-29 20:14:37,295 2720	0.010633902624249458
2024-09-29 20:14:56,684 2736	0.007883070968091488
2024-09-29 20:15:15,817 2752	0.005785203538835049
2024-09-29 20:15:34,665 2768	0.005602473393082619
2024-09-29 20:15:53,403 2784	0.01158910058438778
2024-09-29 20:16:11,661 2800	0.00436173751950264
2024-09-29 20:16:30,967 2816	0.010040046647191048
2024-09-29 20:16:49,172 2832	0.010612859390676022
2024-09-29 20:17:08,571 2848	0.009038018994033337
2024-09-29 20:17:27,919 2864	0.009928245097398758
2024-09-29 20:17:46,811 2880	0.006085056811571121
2024-09-29 20:18:03,930 2896	0.005601764656603336
2024-09-29 20:18:21,969 2912	0.011339306831359863
2024-09-29 20:18:40,702 2928	0.006109258159995079
2024-09-29 20:19:00,584 2944	0.008133510127663612
2024-09-29 20:19:18,664 2960	0.00985560193657875
2024-09-29 20:19:38,467 2976	0.010221734642982483
2024-09-29 20:19:57,387 2992	0.007132864557206631
2024-09-29 20:20:16,184 3008	0.007545969448983669
2024-09-29 20:20:34,714 3024	0.005230877548456192
2024-09-29 20:20:53,992 3040	0.011247711256146431
2024-09-29 20:21:11,528 3056	0.004609567578881979
2024-09-29 20:21:30,034 3072	0.008828094229102135
2024-09-29 20:21:49,143 3088	0.009623820893466473
2024-09-29 20:22:09,050 3104	0.01221286877989769
2024-09-29 20:22:27,694 3120	0.005794643424451351
2024-09-29 20:22:47,160 3136	0.009570815600454807
2024-09-29 20:23:06,367 3152	0.008736468851566315
2024-09-29 20:23:25,421 3168	0.00485202157869935
2024-09-29 20:23:44,681 3184	0.007025714032351971
2024-09-29 20:24:02,555 3200	0.006331740878522396
2024-09-29 20:24:20,731 3216	0.01236124150454998
2024-09-29 20:24:39,126 3232	0.011088889092206955
2024-09-29 20:24:57,988 3248	0.0031158565543591976
2024-09-29 20:25:17,124 3264	0.005240054335445166
2024-09-29 20:25:34,891 3280	0.007810689974576235
2024-09-29 20:25:53,089 3296	0.009490743279457092
2024-09-29 20:26:10,872 3312	0.0074529098346829414
2024-09-29 20:26:30,415 3328	0.0037458762526512146
2024-09-29 20:26:49,505 3344	0.009220452979207039
2024-09-29 20:27:08,424 3360	0.012059902772307396
2024-09-29 20:27:27,470 3376	0.007722711656242609
2024-09-29 20:27:46,033 3392	0.004791476298123598
2024-09-29 20:28:04,423 3408	0.007307571358978748
2024-09-29 20:28:23,204 3424	0.005550589878112078
2024-09-29 20:28:41,050 3440	0.008942974731326103
2024-09-29 20:28:59,736 3456	0.007322920951992273
2024-09-29 20:29:17,277 3472	0.013249027542769909
2024-09-29 20:29:34,869 3488	0.007826078683137894
2024-09-29 20:29:53,323 3504	0.004214041866362095
2024-09-29 20:30:11,972 3520	0.0066024018451571465
2024-09-29 20:30:31,354 3536	0.008329515345394611
2024-09-29 20:30:51,060 3552	0.010272267274558544
2024-09-29 20:31:10,199 3568	0.013214580714702606
2024-09-29 20:31:29,214 3584	0.006366891786456108
2024-09-29 20:31:46,949 3600	0.01121592614799738
2024-09-29 20:32:05,261 3616	0.008952847681939602
2024-09-29 20:32:23,908 3632	0.006643228232860565
2024-09-29 20:32:42,278 3648	0.0121537446975708
2024-09-29 20:32:59,586 3664	0.0039017489179968834
2024-09-29 20:33:18,063 3680	0.009087610058486462
2024-09-29 20:33:35,948 3696	0.008599250577390194
2024-09-29 20:33:53,866 3712	0.006870475597679615
2024-09-29 20:34:13,219 3728	0.007335225585848093
2024-09-29 20:34:31,994 3744	0.00952901691198349
2024-09-29 20:34:51,336 3760	0.0075945728458464146
2024-09-29 20:35:10,380 3776	0.007606773171573877
2024-09-29 20:35:29,638 3792	0.0037056461442261934
2024-09-29 20:35:48,010 3808	0.004685826599597931
2024-09-29 20:36:06,281 3824	0.010541762225329876
2024-09-29 20:36:24,910 3840	0.009613930247724056
2024-09-29 20:36:44,391 3856	0.009593896567821503
2024-09-29 20:37:02,942 3872	0.00810646265745163
2024-09-29 20:37:21,316 3888	0.007419650908559561
2024-09-29 20:37:39,223 3904	0.011911366134881973
2024-09-29 20:37:58,071 3920	0.005768127739429474
2024-09-29 20:38:18,463 3936	0.010698809288442135
2024-09-29 20:38:37,623 3952	0.0066353329457342625
2024-09-29 20:38:55,685 3968	0.004159734584391117
2024-09-29 20:39:15,637 3984	0.01124934945255518
2024-09-29 20:39:34,226 4000	0.005210508592426777
2024-09-29 20:39:53,437 4016	0.012381809763610363
2024-09-29 20:40:12,139 4032	0.011245138011872768
2024-09-29 20:40:30,840 4048	0.00392601452767849
2024-09-29 20:40:49,319 4064	0.008273202925920486
2024-09-29 20:41:06,944 4080	0.009091869927942753
2024-09-29 20:41:24,968 4096	0.009918740019202232
2024-09-29 20:41:44,663 4112	0.007695580832660198
2024-09-29 20:42:02,745 4128	0.0071293069049716
2024-09-29 20:42:21,711 4144	0.010781699791550636
2024-09-29 20:42:39,371 4160	0.0057825855910778046
2024-09-29 20:42:58,407 4176	0.006084132939577103
2024-09-29 20:43:16,892 4192	0.009935622103512287
2024-09-29 20:43:35,978 4208	0.013759921304881573
2024-09-29 20:43:54,689 4224	0.012182829901576042
2024-09-29 20:44:14,202 4240	0.007469855714589357
2024-09-29 20:44:32,373 4256	0.006042740307748318
2024-09-29 20:44:50,631 4272	0.011307964101433754
2024-09-29 20:45:08,061 4288	0.0074576628394424915
2024-09-29 20:45:27,344 4304	0.008958098478615284
2024-09-29 20:45:46,174 4320	0.007954523898661137
2024-09-29 20:46:03,618 4336	0.012100094929337502
2024-09-29 20:46:22,078 4352	0.011161725036799908
2024-09-29 20:46:41,153 4368	0.005657147616147995
2024-09-29 20:47:00,389 4384	0.012939613312482834
2024-09-29 20:47:18,915 4400	0.008559854701161385
2024-09-29 20:47:37,499 4416	0.007037654519081116
2024-09-29 20:47:57,599 4432	0.00724272383376956
2024-09-29 20:48:15,501 4448	0.008626637049019337
2024-09-29 20:48:33,807 4464	0.006443752907216549
2024-09-29 20:48:51,542 4480	0.003326061414554715
2024-09-29 20:49:09,883 4496	0.006485423073172569
2024-09-29 20:49:28,554 4512	0.008373160846531391
2024-09-29 20:49:47,402 4528	0.01283587608486414
2024-09-29 20:50:06,906 4544	0.01370246708393097
2024-09-29 20:50:25,346 4560	0.00701368972659111
2024-09-29 20:50:44,115 4576	0.008754454553127289
2024-09-29 20:51:02,501 4592	0.003931831568479538
2024-09-29 20:51:21,839 4608	0.005169462412595749
2024-09-29 20:51:40,716 4624	0.007946707308292389
2024-09-29 20:52:00,568 4640	0.0050850482657551765
2024-09-29 20:52:19,763 4656	0.007155915722250938
2024-09-29 20:52:38,740 4672	0.008562624454498291
2024-09-29 20:52:57,302 4688	0.008158757351338863
2024-09-29 20:53:15,662 4704	0.005099344067275524
2024-09-29 20:53:34,136 4720	0.008093934506177902
2024-09-29 20:53:52,781 4736	0.0033817756921052933
2024-09-29 20:54:12,251 4752	0.006172958295792341
2024-09-29 20:54:31,947 4768	0.0078327227383852
2024-09-29 20:54:51,139 4784	0.007901347242295742
2024-09-29 20:55:10,620 4800	0.004582688678056002
2024-09-29 20:55:30,242 4816	0.0057192156091332436
2024-09-29 20:55:48,740 4832	0.005688479170203209
2024-09-29 20:56:07,965 4848	0.007862279191613197
2024-09-29 20:56:26,800 4864	0.005466612055897713
2024-09-29 20:56:45,728 4880	0.009510114789009094
2024-09-29 20:57:04,938 4896	0.007317298091948032
2024-09-29 20:57:23,359 4912	0.007967018522322178
2024-09-29 20:57:42,051 4928	0.004351085051894188
2024-09-29 20:58:00,920 4944	0.0060599022544920444
2024-09-29 20:58:18,532 4960	0.012685777619481087
2024-09-29 20:58:36,521 4976	0.004780581220984459
2024-09-29 20:58:55,854 4992	0.009784187190234661
2024-09-29 20:59:15,315 5008	0.0066374605521559715
2024-09-29 20:59:33,576 5024	0.004974018782377243
2024-09-29 20:59:52,438 5040	0.010515771806240082
2024-09-29 21:00:11,230 5056	0.01051494013518095
2024-09-29 21:00:29,426 5072	0.002506784861907363
2024-09-29 21:00:47,625 5088	0.007191755343228579
2024-09-29 21:01:05,347 5104	0.010541116818785667
2024-09-29 21:01:24,772 5120	0.010691314935684204
2024-09-29 21:01:43,361 5136	0.004543001763522625
2024-09-29 21:02:01,338 5152	0.006063047796487808
2024-09-29 21:02:20,064 5168	0.011105814948678017
2024-09-29 21:02:38,937 5184	0.007578012999147177
2024-09-29 21:02:57,849 5200	0.008775431662797928
2024-09-29 21:03:16,367 5216	0.008848266676068306
2024-09-29 21:03:34,634 5232	0.0044624172151088715
2024-09-29 21:03:53,642 5248	0.008423497900366783
2024-09-29 21:04:11,762 5264	0.00524719525128603
2024-09-29 21:04:30,865 5280	0.006553890649229288
2024-09-29 21:04:49,518 5296	0.00938380230218172
2024-09-29 21:05:07,781 5312	0.008932545781135559
2024-09-29 21:05:25,407 5328	0.011652195826172829
2024-09-29 21:05:43,826 5344	0.005641805939376354
2024-09-29 21:06:02,109 5360	0.0044233049266040325
2024-09-29 21:06:22,393 5376	0.008928952738642693
2024-09-29 21:06:41,726 5392	0.005872760899364948
2024-09-29 21:06:59,785 5408	0.0070384531281888485
2024-09-29 21:07:17,518 5424	0.010799220763146877
2024-09-29 21:07:36,177 5440	0.005971806589514017
2024-09-29 21:07:53,739 5456	0.008492698892951012
2024-09-29 21:08:12,140 5472	0.011019439436495304
2024-09-29 21:08:30,647 5488	0.006180664524435997
2024-09-29 21:08:49,368 5504	0.007131142076104879
2024-09-29 21:09:07,285 5520	0.004744559060782194
2024-09-29 21:09:25,610 5536	0.005045702680945396
2024-09-29 21:09:45,454 5552	0.008704213425517082
2024-09-29 21:10:04,317 5568	0.0032024697866290808
2024-09-29 21:10:22,918 5584	0.009171106852591038
2024-09-29 21:10:40,459 5600	0.005438304506242275
2024-09-29 21:10:59,484 5616	0.010549799539148808
2024-09-29 21:11:18,448 5632	0.00896141305565834
2024-09-29 21:11:37,334 5648	0.003561314893886447
2024-09-29 21:11:55,864 5664	0.006057850085198879
2024-09-29 21:12:13,833 5680	0.007549155503511429
2024-09-29 21:12:32,938 5696	0.004616558086127043
2024-09-29 21:12:51,093 5712	0.01301255077123642
2024-09-29 21:13:09,512 5728	0.004651300609111786
2024-09-29 21:13:28,008 5744	0.007183881476521492
2024-09-29 21:13:48,077 5760	0.027308302000164986
2024-09-29 21:14:06,572 5776	0.008194103837013245
2024-09-29 21:14:25,212 5792	0.010157037526369095
2024-09-29 21:14:43,546 5808	0.007808582857251167
2024-09-29 21:15:01,476 5824	0.006519435439258814
2024-09-29 21:15:20,180 5840	0.011689783073961735
2024-09-29 21:15:39,535 5856	0.009097546339035034
2024-09-29 21:15:58,801 5872	0.007229165639728308
2024-09-29 21:16:17,792 5888	0.004088222980499268
2024-09-29 21:16:37,888 5904	0.0057487934827804565
2024-09-29 21:16:56,320 5920	0.008937269449234009
2024-09-29 21:17:15,497 5936	0.005879112519323826
2024-09-29 21:17:34,160 5952	0.01187359169125557
2024-09-29 21:17:52,984 5968	0.008978558704257011
2024-09-29 21:18:12,030 5984	0.004159952513873577
2024-09-29 21:18:31,198 6000	0.015011724084615707
2024-09-29 21:18:49,535 6016	0.006743288598954678
2024-09-29 21:19:07,925 6032	0.003818697761744261
2024-09-29 21:19:27,043 6048	0.006267759017646313
2024-09-29 21:19:45,055 6064	0.0076723117381334305
2024-09-29 21:20:03,950 6080	0.006935004144906998
2024-09-29 21:20:23,008 6096	0.006811962462961674
2024-09-29 21:20:41,949 6112	0.0074965571984648705
2024-09-29 21:21:00,340 6128	0.011527805589139462
2024-09-29 21:21:19,470 6144	0.009598822332918644
2024-09-29 21:21:38,817 6160	0.00657236110419035
2024-09-29 21:21:58,256 6176	0.005564392544329166
2024-09-29 21:22:17,632 6192	0.010371096432209015
2024-09-29 21:22:36,090 6208	0.0034717735834419727
2024-09-29 21:22:44,625 6216	0.005676878150552511
2024-09-29 21:22:44,793 End of Epoch 3
2024-09-29 21:22:44,793 Macro-Average Train loss over epoch:	0.007999199516280163
2024-09-29 21:30:58,264 Average Validation loss over epoch:	0.15387815678135003
2024-09-29 21:30:58,264 Best Validation Epoch:	3
2024-09-29 21:30:58,264 Best Validation Loss:	0.15387815678135003
2024-09-29 21:30:58,265 Patience Counter:	1
2024-09-29 21:30:58,265 Epoch 4:
2024-09-29 21:30:58,265 Learning Rate: 0.0009
2024-09-29 21:30:58,265 Patience Delta : -0.05
2024-09-29 21:30:58,265 Train Step	Batch Loss
2024-09-29 21:31:15,332 16	0.006932457443326712
2024-09-29 21:31:32,914 32	0.002940649399533868
2024-09-29 21:31:52,036 48	0.0036209337413311005
2024-09-29 21:32:09,398 64	0.004432579502463341
2024-09-29 21:32:27,278 80	0.005098637193441391
2024-09-29 21:32:45,605 96	0.005317198112607002
2024-09-29 21:33:04,200 112	0.0034242565743625164
2024-09-29 21:33:22,588 128	0.0027738509234040976
2024-09-29 21:33:42,348 144	0.004193369299173355
2024-09-29 21:34:00,047 160	0.00519406097009778
2024-09-29 21:34:17,295 176	0.005766747985035181
2024-09-29 21:34:35,002 192	0.0029237810522317886
2024-09-29 21:34:53,981 208	0.005201325286179781
2024-09-29 21:35:12,053 224	0.008231415413320065
2024-09-29 21:35:30,301 240	0.006454589776694775
2024-09-29 21:35:49,574 256	0.007654114626348019
2024-09-29 21:36:08,373 272	0.015043610706925392
2024-09-29 21:36:25,615 288	0.0036293521989136934
2024-09-29 21:36:45,386 304	0.004813621751964092
2024-09-29 21:37:04,049 320	0.004378095269203186
2024-09-29 21:37:22,126 336	0.00401077838614583
2024-09-29 21:37:40,996 352	0.004403435625135899
2024-09-29 21:38:00,460 368	0.004065052606165409
2024-09-29 21:38:20,656 384	0.006651792675256729
2024-09-29 21:38:40,713 400	0.007750004064291716
2024-09-29 21:39:01,353 416	0.005929385311901569
2024-09-29 21:39:20,237 432	0.003990754019469023
2024-09-29 21:39:39,810 448	0.005265348125249147
2024-09-29 21:39:58,456 464	0.007374858949333429
2024-09-29 21:40:17,856 480	0.0038162802811712027
2024-09-29 21:40:36,486 496	0.0044386666268110275
2024-09-29 21:40:54,843 512	0.0022589578293263912
2024-09-29 21:41:14,309 528	0.005867004860192537
2024-09-29 21:41:33,370 544	0.0043373145163059235
2024-09-29 21:41:51,930 560	0.00444489810615778
2024-09-29 21:42:11,053 576	0.0057454584166407585
2024-09-29 21:42:30,564 592	0.005443359725177288
2024-09-29 21:42:48,821 608	0.004464729223400354
2024-09-29 21:43:07,334 624	0.0033107649069279432
2024-09-29 21:43:26,811 640	0.005466761067509651
2024-09-29 21:43:44,980 656	0.005037230439484119
2024-09-29 21:44:04,112 672	0.00832073949277401
2024-09-29 21:44:23,186 688	0.006156307645142078
2024-09-29 21:44:41,467 704	0.009499089792370796
2024-09-29 21:45:00,469 720	0.0049025556072592735
2024-09-29 21:45:20,021 736	0.004673297517001629
2024-09-29 21:45:38,936 752	0.007473502308130264
2024-09-29 21:45:57,877 768	0.0034944394137710333
2024-09-29 21:46:16,828 784	0.0052503300830721855
2024-09-29 21:46:36,242 800	0.005003740545362234
2024-09-29 21:46:54,793 816	0.005642684176564217
2024-09-29 21:47:15,075 832	0.004596991464495659
2024-09-29 21:47:34,465 848	0.005138011649250984
2024-09-29 21:47:53,774 864	0.00880383513867855
2024-09-29 21:48:12,501 880	0.00977479200810194
2024-09-29 21:48:31,457 896	0.0036253086291253567
2024-09-29 21:48:50,221 912	0.004134235437959433
2024-09-29 21:49:09,825 928	0.0041356440633535385
2024-09-29 21:49:29,234 944	0.004543802700936794
2024-09-29 21:49:50,734 960	0.005722539033740759
2024-09-29 21:50:10,457 976	0.009655645117163658
2024-09-29 21:50:30,129 992	0.005922739394009113
2024-09-29 21:50:49,071 1008	0.004357835277915001
2024-09-29 21:51:07,321 1024	0.004337828606367111
2024-09-29 21:51:26,230 1040	0.004407176747918129
2024-09-29 21:51:46,053 1056	0.0023981397971510887
2024-09-29 21:52:05,141 1072	0.007065782323479652
2024-09-29 21:52:23,230 1088	0.0032991813495755196
2024-09-29 21:52:42,883 1104	0.005373625084757805
2024-09-29 21:53:02,770 1120	0.004165733698755503
2024-09-29 21:53:22,030 1136	0.0027994648553431034
2024-09-29 21:53:41,023 1152	0.00568436598405242
2024-09-29 21:54:00,361 1168	0.00609726645052433
2024-09-29 21:54:18,570 1184	0.005934387911111116
2024-09-29 21:54:38,527 1200	0.004643525928258896
2024-09-29 21:54:58,641 1216	0.003061615861952305
2024-09-29 21:55:16,249 1232	0.003620933275669813
2024-09-29 21:55:34,392 1248	0.007113413419574499
2024-09-29 21:55:52,978 1264	0.00732423597946763
2024-09-29 21:56:10,788 1280	0.004623817279934883
2024-09-29 21:56:30,150 1296	0.00635458342730999
2024-09-29 21:56:49,778 1312	0.006881937384605408
2024-09-29 21:57:09,951 1328	0.0051322877407073975
2024-09-29 21:57:29,971 1344	0.0021686353720724583
2024-09-29 21:57:51,714 1360	0.0035008497070521116
2024-09-29 21:58:15,387 1376	0.005379763897508383
2024-09-29 21:58:41,149 1392	0.003247135318815708
2024-09-29 21:59:06,272 1408	0.014568280428647995
2024-09-29 21:59:32,418 1424	0.002981048310175538
2024-09-29 21:59:58,661 1440	0.0052047413773834705
2024-09-29 22:00:22,300 1456	0.0031412788666784763
2024-09-29 22:00:46,950 1472	0.007477937266230583
2024-09-29 22:01:12,382 1488	0.0032105273567140102
2024-09-29 22:01:38,456 1504	0.0049025085754692554
2024-09-29 22:02:04,675 1520	0.004511598031967878
2024-09-29 22:02:30,008 1536	0.008248602040112019
2024-09-29 22:02:53,299 1552	0.0046732667833566666
2024-09-29 22:03:18,325 1568	0.0022676107473671436
2024-09-29 22:03:43,547 1584	0.0037908160593360662
2024-09-29 22:04:09,207 1600	0.006199226714670658
2024-09-29 22:04:34,350 1616	0.006297429092228413
2024-09-29 22:05:00,484 1632	0.0043232738971710205
2024-09-29 22:05:25,816 1648	0.004444137681275606
2024-09-29 22:05:51,161 1664	0.0060890004970133305
2024-09-29 22:06:14,295 1680	0.009662332944571972
2024-09-29 22:06:37,882 1696	0.004623653367161751
2024-09-29 22:07:00,462 1712	0.0065340264700353146
2024-09-29 22:07:20,188 1728	0.008496381342411041
2024-09-29 22:07:38,248 1744	0.004128050059080124
2024-09-29 22:07:56,581 1760	0.00590942008420825
2024-09-29 22:08:15,307 1776	0.0025523812510073185
2024-09-29 22:08:35,136 1792	0.00428450433537364
2024-09-29 22:08:54,316 1808	0.005625592079013586
2024-09-29 22:09:15,086 1824	0.00610785186290741
2024-09-29 22:09:34,629 1840	0.003552593756467104
2024-09-29 22:09:53,748 1856	0.006237032823264599
2024-09-29 22:10:12,183 1872	0.005196940153837204
2024-09-29 22:10:32,792 1888	0.0060648201033473015
2024-09-29 22:10:51,274 1904	0.005310141481459141
2024-09-29 22:11:11,095 1920	0.003820471465587616
2024-09-29 22:11:29,112 1936	0.005687680095434189
2024-09-29 22:11:48,676 1952	0.0038755859714001417
2024-09-29 22:12:06,916 1968	0.005288664251565933
2024-09-29 22:12:26,572 1984	0.00399415846914053
2024-09-29 22:12:47,592 2000	0.003890761872753501
2024-09-29 22:13:06,607 2016	0.0023435838520526886
2024-09-29 22:13:25,669 2032	0.009495379403233528
2024-09-29 22:13:44,062 2048	0.003774158889427781
2024-09-29 22:14:01,846 2064	0.003671105019748211
2024-09-29 22:14:21,964 2080	0.0033561589661985636
2024-09-29 22:14:41,496 2096	0.004629247821867466
2024-09-29 22:15:00,735 2112	0.004394653253257275
2024-09-29 22:15:18,943 2128	0.005306212231516838
2024-09-29 22:15:37,486 2144	0.0051714396104216576
2024-09-29 22:15:56,418 2160	0.0038171892520040274
2024-09-29 22:16:14,751 2176	0.00810149684548378
2024-09-29 22:16:34,120 2192	0.004672224633395672
2024-09-29 22:16:52,826 2208	0.002243032678961754
2024-09-29 22:17:10,800 2224	0.007888862863183022
2024-09-29 22:17:30,764 2240	0.004794095642864704
2024-09-29 22:17:51,188 2256	0.0037450429517775774
2024-09-29 22:18:08,714 2272	0.005570272449404001
2024-09-29 22:18:26,611 2288	0.002678579417988658
2024-09-29 22:18:45,462 2304	0.004780687857419252
2024-09-29 22:19:04,633 2320	0.004365277476608753
2024-09-29 22:19:22,689 2336	0.0056958990171551704
2024-09-29 22:19:41,561 2352	0.006006394512951374
2024-09-29 22:19:59,774 2368	0.00402404461055994
2024-09-29 22:20:18,722 2384	0.006554826162755489
2024-09-29 22:20:37,143 2400	0.007214138749986887
2024-09-29 22:20:55,892 2416	0.003151419572532177
2024-09-29 22:21:15,451 2432	0.005810556933283806
2024-09-29 22:21:34,104 2448	0.004195604007691145
2024-09-29 22:21:52,620 2464	0.007756689563393593
2024-09-29 22:22:12,426 2480	0.005241694860160351
2024-09-29 22:22:31,395 2496	0.011423919349908829
2024-09-29 22:22:49,705 2512	0.006527254357933998
2024-09-29 22:23:07,869 2528	0.006468108855187893
2024-09-29 22:23:27,632 2544	0.006061478052288294
2024-09-29 22:23:47,038 2560	0.006799665279686451
2024-09-29 22:24:04,831 2576	0.005349503830075264
2024-09-29 22:24:24,082 2592	0.004153636749833822
2024-09-29 22:24:44,744 2608	0.004374599549919367
2024-09-29 22:25:04,652 2624	0.006119185127317905
2024-09-29 22:25:25,494 2640	0.006204437930136919
2024-09-29 22:25:47,286 2656	0.0020738705061376095
2024-09-29 22:26:06,247 2672	0.009493393823504448
2024-09-29 22:26:25,757 2688	0.005975116044282913
2024-09-29 22:26:45,966 2704	0.003681901143863797
2024-09-29 22:27:06,003 2720	0.006175557617098093
2024-09-29 22:27:25,471 2736	0.0030002782586961985
2024-09-29 22:27:44,635 2752	0.00586272869259119
2024-09-29 22:28:04,196 2768	0.009175858460366726
2024-09-29 22:28:22,480 2784	0.0087653249502182
2024-09-29 22:28:41,184 2800	0.010312104597687721
2024-09-29 22:29:01,042 2816	0.0033705609384924173
2024-09-29 22:29:19,754 2832	0.007963720709085464
2024-09-29 22:29:39,118 2848	0.006212295964360237
2024-09-29 22:29:59,575 2864	0.0018485728651285172
2024-09-29 22:30:20,493 2880	0.0024953377433121204
2024-09-29 22:30:39,310 2896	0.005073003005236387
2024-09-29 22:30:59,090 2912	0.0037595550529658794
2024-09-29 22:31:18,379 2928	0.0056980075314641
2024-09-29 22:31:37,603 2944	0.002972837071865797
2024-09-29 22:31:56,139 2960	0.008202758617699146
2024-09-29 22:32:15,193 2976	0.0026464853435754776
2024-09-29 22:32:35,013 2992	0.0076369475573301315
2024-09-29 22:32:54,002 3008	0.004878939129412174
2024-09-29 22:33:13,032 3024	0.005184251815080643
2024-09-29 22:33:30,814 3040	0.004738127812743187
2024-09-29 22:33:53,367 3056	0.0036967075429856777
2024-09-29 22:34:14,022 3072	0.003207932226359844
2024-09-29 22:34:34,398 3088	0.0030495147220790386
2024-09-29 22:34:53,647 3104	0.011701658368110657
2024-09-29 22:35:12,101 3120	0.00800209492444992
2024-09-29 22:35:30,772 3136	0.0076142349280416965
2024-09-29 22:35:49,888 3152	0.005360641982406378
2024-09-29 22:36:08,198 3168	0.004276360850781202
2024-09-29 22:36:26,298 3184	0.0037837373092770576
2024-09-29 22:36:43,958 3200	0.008644690737128258
2024-09-29 22:37:03,725 3216	0.007814126089215279
2024-09-29 22:37:22,138 3232	0.005392981693148613
2024-09-29 22:37:39,415 3248	0.0030084289610385895
2024-09-29 22:37:58,164 3264	0.003124163020402193
2024-09-29 22:38:15,841 3280	0.006675062235444784
2024-09-29 22:38:34,664 3296	0.0036858401726931334
2024-09-29 22:38:52,181 3312	0.004881192464381456
2024-09-29 22:39:11,558 3328	0.0065360344015061855
2024-09-29 22:39:29,645 3344	0.0052583408541977406
2024-09-29 22:39:47,678 3360	0.003529052250087261
2024-09-29 22:40:06,758 3376	0.005533956456929445
2024-09-29 22:40:24,760 3392	0.007475469261407852
2024-09-29 22:40:43,903 3408	0.006065480411052704
2024-09-29 22:41:02,844 3424	0.006060133688151836
2024-09-29 22:41:21,594 3440	0.0036498354747891426
2024-09-29 22:41:40,609 3456	0.007797215133905411
2024-09-29 22:41:59,643 3472	0.009063960053026676
2024-09-29 22:42:18,415 3488	0.0076244547963142395
2024-09-29 22:42:37,893 3504	0.01013316959142685
2024-09-29 22:42:56,992 3520	0.010444356128573418
2024-09-29 22:43:15,843 3536	0.00410348828881979
2024-09-29 22:43:33,933 3552	0.006448701024055481
2024-09-29 22:43:51,877 3568	0.00888256635516882
2024-09-29 22:44:10,533 3584	0.0037208735011518
2024-09-29 22:44:29,412 3600	0.0034316882956773043
2024-09-29 22:44:50,016 3616	0.006467194762080908
2024-09-29 22:45:09,742 3632	0.005681599490344524
2024-09-29 22:45:28,319 3648	0.002574810292571783
2024-09-29 22:45:46,598 3664	0.0024934117682278156
2024-09-29 22:46:05,373 3680	0.0024638930335640907
2024-09-29 22:46:23,365 3696	0.004364134278148413
2024-09-29 22:46:41,703 3712	0.006315944716334343
2024-09-29 22:47:01,210 3728	0.0029317415319383144
2024-09-29 22:47:19,859 3744	0.0034839254803955555
2024-09-29 22:47:38,284 3760	0.005178302526473999
2024-09-29 22:47:56,574 3776	0.005155667662620544
2024-09-29 22:48:14,990 3792	0.0050605302676558495
2024-09-29 22:48:31,903 3808	0.004968052729964256
2024-09-29 22:48:50,842 3824	0.005847366526722908
2024-09-29 22:49:10,403 3840	0.005134210921823978
2024-09-29 22:49:29,063 3856	0.0034787850454449654
2024-09-29 22:49:46,945 3872	0.005447844043374062
2024-09-29 22:50:04,900 3888	0.003515600925311446
2024-09-29 22:50:23,337 3904	0.00394112803041935
2024-09-29 22:50:42,346 3920	0.004089348018169403
2024-09-29 22:51:01,387 3936	0.005427301395684481
2024-09-29 22:51:19,225 3952	0.005051387473940849
2024-09-29 22:51:38,021 3968	0.005435333587229252
2024-09-29 22:51:57,188 3984	0.004553697071969509
2024-09-29 22:52:15,558 4000	0.00415835389867425
2024-09-29 22:52:32,968 4016	0.006152406334877014
2024-09-29 22:52:51,943 4032	0.005309732630848885
2024-09-29 22:53:11,491 4048	0.004405251704156399
2024-09-29 22:53:31,475 4064	0.005248208995908499
2024-09-29 22:53:49,638 4080	0.0026602759025990963
2024-09-29 22:54:08,125 4096	0.003213385585695505
2024-09-29 22:54:26,826 4112	0.005673712119460106
2024-09-29 22:54:45,013 4128	0.001804904080927372
2024-09-29 22:55:03,752 4144	0.004854836966842413
2024-09-29 22:55:23,108 4160	0.00478136632591486
2024-09-29 22:55:40,611 4176	0.003212336450815201
2024-09-29 22:55:58,688 4192	0.0033518755808472633
2024-09-29 22:56:16,851 4208	0.003986627794802189
2024-09-29 22:56:35,897 4224	0.006167272571474314
2024-09-29 22:56:54,518 4240	0.003129014279693365
2024-09-29 22:57:12,958 4256	0.0029815821908414364
2024-09-29 22:57:32,044 4272	0.00513919023796916
2024-09-29 22:57:50,887 4288	0.003101748414337635
2024-09-29 22:58:09,164 4304	0.006131941452622414
2024-09-29 22:58:27,371 4320	0.004793900530785322
2024-09-29 22:58:47,929 4336	0.003820529207587242
2024-09-29 22:59:05,087 4352	0.0073604341596364975
2024-09-29 22:59:23,396 4368	0.003369225189089775
2024-09-29 22:59:42,569 4384	0.0032395515590906143
2024-09-29 23:00:00,326 4400	0.005413583479821682
2024-09-29 23:00:19,296 4416	0.008208265528082848
2024-09-29 23:00:38,473 4432	0.0038468684069812298
2024-09-29 23:00:57,340 4448	0.006449766457080841
2024-09-29 23:01:16,485 4464	0.00302011426538229
2024-09-29 23:01:35,006 4480	0.010182371363043785
2024-09-29 23:01:53,406 4496	0.003088296391069889
2024-09-29 23:02:11,421 4512	0.004819516092538834
2024-09-29 23:02:30,590 4528	0.005939102731645107
2024-09-29 23:02:48,822 4544	0.00913633219897747
2024-09-29 23:03:08,383 4560	0.0033531172666698694
2024-09-29 23:03:27,728 4576	0.0075843543745577335
2024-09-29 23:03:47,185 4592	0.0029962132684886456
2024-09-29 23:04:05,349 4608	0.00506405346095562
2024-09-29 23:04:23,967 4624	0.00612321961671114
2024-09-29 23:04:43,398 4640	0.0037671318277716637
2024-09-29 23:05:02,341 4656	0.005215100944042206
2024-09-29 23:05:20,627 4672	0.00568572198972106
2024-09-29 23:05:38,192 4688	0.002935823518782854
2024-09-29 23:05:57,010 4704	0.005591849330812693
2024-09-29 23:06:16,078 4720	0.006093759089708328
2024-09-29 23:06:34,777 4736	0.005546031519770622
2024-09-29 23:06:53,416 4752	0.003155678976327181
2024-09-29 23:07:12,220 4768	0.0032841903157532215
2024-09-29 23:07:31,760 4784	0.004968532361090183
2024-09-29 23:07:50,245 4800	0.006140311248600483
2024-09-29 23:08:10,350 4816	0.007892719469964504
2024-09-29 23:08:28,343 4832	0.0058760796673595905
2024-09-29 23:08:47,408 4848	0.004382465034723282
2024-09-29 23:09:06,035 4864	0.00790855661034584
2024-09-29 23:09:24,533 4880	0.0035605118609964848
2024-09-29 23:09:44,092 4896	0.007441558875143528
2024-09-29 23:10:02,584 4912	0.002701961901038885
2024-09-29 23:10:21,496 4928	0.004541223868727684
2024-09-29 23:10:40,415 4944	0.004395864438265562
2024-09-29 23:10:58,599 4960	0.004091539420187473
2024-09-29 23:11:17,008 4976	0.0028584455139935017
2024-09-29 23:11:34,757 4992	0.005842339247465134
2024-09-29 23:11:53,727 5008	0.006589250639081001
2024-09-29 23:12:12,142 5024	0.003646513447165489
2024-09-29 23:12:31,039 5040	0.004163283854722977
2024-09-29 23:12:50,612 5056	0.008210533298552036
2024-09-29 23:13:09,182 5072	0.00462681706994772
2024-09-29 23:13:27,629 5088	0.001931390492245555
2024-09-29 23:13:46,505 5104	0.00722699798643589
2024-09-29 23:14:05,809 5120	0.005634419620037079
2024-09-29 23:14:24,224 5136	0.0022971213329583406
2024-09-29 23:14:42,146 5152	0.005479723215103149
2024-09-29 23:15:00,514 5168	0.011330077424645424
2024-09-29 23:15:18,782 5184	0.002557044383138418
2024-09-29 23:15:37,372 5200	0.004930849187076092
2024-09-29 23:15:56,439 5216	0.003706105053424835
2024-09-29 23:16:14,591 5232	0.005863399710506201
2024-09-29 23:16:33,501 5248	0.007808452472090721
2024-09-29 23:16:51,857 5264	0.004008335527032614
2024-09-29 23:17:10,413 5280	0.004913602489978075
2024-09-29 23:17:28,699 5296	0.006650406867265701
2024-09-29 23:17:46,557 5312	0.0052161142230033875
2024-09-29 23:18:05,314 5328	0.001583801000379026
2024-09-29 23:18:24,660 5344	0.0078717190772295
2024-09-29 23:18:42,301 5360	0.005453618708997965
2024-09-29 23:19:02,491 5376	0.009191478602588177
2024-09-29 23:19:21,193 5392	0.008131283335387707
2024-09-29 23:19:40,400 5408	0.004052070435136557
2024-09-29 23:19:58,755 5424	0.00503692589700222
2024-09-29 23:20:17,096 5440	0.005845687352120876
2024-09-29 23:20:34,969 5456	0.006072692107409239
2024-09-29 23:20:52,749 5472	0.0052483538165688515
2024-09-29 23:21:10,798 5488	0.005609625019133091
2024-09-29 23:21:29,132 5504	0.006104377098381519
2024-09-29 23:21:48,284 5520	0.008216134272515774
2024-09-29 23:22:06,993 5536	0.004090922884643078
2024-09-29 23:22:25,302 5552	0.007249475922435522
2024-09-29 23:22:42,997 5568	0.005701834801584482
2024-09-29 23:23:02,083 5584	0.004266854375600815
2024-09-29 23:23:19,862 5600	0.00792938843369484
2024-09-29 23:23:37,928 5616	0.02003486268222332
2024-09-29 23:23:56,254 5632	0.008083934895694256
2024-09-29 23:24:15,840 5648	0.0021394232753664255
2024-09-29 23:24:33,755 5664	0.0037984910886734724
2024-09-29 23:24:53,989 5680	0.005889842286705971
2024-09-29 23:25:11,885 5696	0.004953452851623297
2024-09-29 23:25:30,746 5712	0.005451603326946497
2024-09-29 23:25:49,026 5728	0.006161648780107498
2024-09-29 23:26:07,745 5744	0.004205042961984873
2024-09-29 23:26:26,348 5760	0.006239132955670357
2024-09-29 23:26:44,987 5776	0.003833344206213951
2024-09-29 23:27:04,162 5792	0.004840095993131399
2024-09-29 23:27:22,775 5808	0.007784110493957996
2024-09-29 23:27:41,002 5824	0.0029516052454710007
2024-09-29 23:28:00,218 5840	0.005751412361860275
2024-09-29 23:28:18,445 5856	0.0022600097581744194
2024-09-29 23:28:37,259 5872	0.0069249821826815605
2024-09-29 23:28:56,699 5888	0.002716631628572941
2024-09-29 23:29:15,187 5904	0.007661598734557629
2024-09-29 23:29:33,194 5920	0.005888551939278841
2024-09-29 23:29:50,948 5936	0.007982509210705757
2024-09-29 23:30:10,011 5952	0.0045990776270627975
2024-09-29 23:30:28,260 5968	0.005351361818611622
2024-09-29 23:30:46,621 5984	0.0048734210431575775
2024-09-29 23:31:05,336 6000	0.0035140053369104862
2024-09-29 23:31:23,584 6016	0.0030885376036167145
2024-09-29 23:31:42,622 6032	0.0035257157869637012
2024-09-29 23:32:01,870 6048	0.005555972456932068
2024-09-29 23:32:20,343 6064	0.006266574375331402
2024-09-29 23:32:38,395 6080	0.0041844286024570465
2024-09-29 23:32:57,337 6096	0.006268447730690241
2024-09-29 23:33:16,429 6112	0.003969248849898577
2024-09-29 23:33:35,255 6128	0.0028943843208253384
2024-09-29 23:33:54,614 6144	0.0040168967097997665
2024-09-29 23:34:13,392 6160	0.009452922269701958
2024-09-29 23:34:31,666 6176	0.002744137542322278
2024-09-29 23:34:48,737 6192	0.006573128513991833
2024-09-29 23:35:08,238 6208	0.005523021332919598
2024-09-29 23:35:17,039 6216	0.0059548914432525635
2024-09-29 23:35:17,246 End of Epoch 4
2024-09-29 23:35:17,246 Macro-Average Train loss over epoch:	0.005318119927480856
2024-09-29 23:43:06,354 Average Validation loss over epoch:	0.1450762568135174
2024-09-29 23:43:06,355 Best Validation Epoch:	4
2024-09-29 23:43:06,355 Best Validation Loss:	0.1450762568135174
2024-09-29 23:43:06,355 Patience Counter:	2
2024-09-29 23:43:06,355 Epoch 5:
2024-09-29 23:43:06,355 Learning Rate: 0.0009
2024-09-29 23:43:06,355 Patience Delta : -0.05
2024-09-29 23:43:06,355 Train Step	Batch Loss
2024-09-29 23:43:22,900 16	0.0034196891356259584
2024-09-29 23:43:40,195 32	0.0037257294170558453
2024-09-29 23:43:57,270 48	0.0030552446842193604
2024-09-29 23:44:15,705 64	0.0037734690122306347
2024-09-29 23:44:34,021 80	0.0025416903663426638
2024-09-29 23:44:52,193 96	0.002983588259667158
2024-09-29 23:45:10,985 112	0.0034403016325086355
2024-09-29 23:45:28,703 128	0.006693460047245026
2024-09-29 23:45:47,865 144	0.004489030223339796
2024-09-29 23:46:06,802 160	0.0062094395980238914
2024-09-29 23:46:25,799 176	0.0021982265170663595
2024-09-29 23:46:44,988 192	0.0037073518615216017
2024-09-29 23:47:02,496 208	0.004137767944484949
2024-09-29 23:47:21,597 224	0.003334813518449664
2024-09-29 23:47:40,323 240	0.006174505688250065
2024-09-29 23:47:58,909 256	0.002580873668193817
2024-09-29 23:48:17,272 272	0.0030115963891148567
2024-09-29 23:48:36,018 288	0.002391609363257885
2024-09-29 23:48:53,903 304	0.004749858286231756
2024-09-29 23:49:11,980 320	0.004311515484005213
2024-09-29 23:49:30,077 336	0.002178917871788144
2024-09-29 23:49:49,244 352	0.005733420141041279
2024-09-29 23:50:08,235 368	0.0062532201409339905
2024-09-29 23:50:27,020 384	0.004546759184449911
2024-09-29 23:50:45,686 400	0.0038352455012500286
2024-09-29 23:51:05,237 416	0.002440867479890585
2024-09-29 23:51:24,610 432	0.004089715890586376
2024-09-29 23:51:43,553 448	0.00591818243265152
2024-09-29 23:52:03,085 464	0.0028128500562161207
2024-09-29 23:52:22,360 480	0.006174483336508274
2024-09-29 23:52:41,017 496	0.0019917981699109077
2024-09-29 23:53:00,201 512	0.0041259462013840675
2024-09-29 23:53:18,910 528	0.0036855649668723345
2024-09-29 23:53:37,427 544	0.003998265601694584
2024-09-29 23:53:55,404 560	0.0019559343345463276
2024-09-29 23:54:14,072 576	0.002502249553799629
2024-09-29 23:54:33,379 592	0.0037843489553779364
2024-09-29 23:54:53,318 608	0.004169744439423084
2024-09-29 23:55:11,539 624	0.005929276812821627
2024-09-29 23:55:30,094 640	0.004351089708507061
2024-09-29 23:55:50,070 656	0.0031307698227465153
2024-09-29 23:56:09,901 672	0.005091886967420578
2024-09-29 23:56:30,659 688	0.0020077237859368324
2024-09-29 23:56:49,212 704	0.004393219482153654
2024-09-29 23:57:07,758 720	0.005089607555419207
2024-09-29 23:57:27,483 736	0.005763125605881214
2024-09-29 23:57:45,584 752	0.0042254989966750145
2024-09-29 23:58:03,144 768	0.002442010212689638
2024-09-29 23:58:22,719 784	0.007021741941571236
2024-09-29 23:58:40,225 800	0.006842097267508507
2024-09-29 23:58:58,439 816	0.0011372047010809183
2024-09-29 23:59:17,884 832	0.005265691317617893
2024-09-29 23:59:36,402 848	0.004546363838016987
2024-09-29 23:59:55,737 864	0.005419242195785046
2024-09-30 00:00:13,783 880	0.004122584126889706
2024-09-30 00:00:33,226 896	0.0036035245284438133
2024-09-30 00:00:52,215 912	0.004335307516157627
2024-09-30 00:01:10,044 928	0.0032437602058053017
2024-09-30 00:01:27,424 944	0.004479723982512951
2024-09-30 00:01:47,288 960	0.004740171134471893
2024-09-30 00:02:05,483 976	0.008856484666466713
2024-09-30 00:02:24,640 992	0.005494861863553524
2024-09-30 00:02:44,267 1008	0.005279294680804014
2024-09-30 00:03:03,035 1024	0.004334818106144667
2024-09-30 00:03:22,938 1040	0.0025931925047188997
2024-09-30 00:03:42,420 1056	0.003374888561666012
2024-09-30 00:04:02,019 1072	0.003472952637821436
2024-09-30 00:04:19,871 1088	0.004180910997092724
2024-09-30 00:04:37,228 1104	0.004155430477112532
2024-09-30 00:04:54,538 1120	0.007375805173069239
2024-09-30 00:05:13,638 1136	0.0015222413931041956
2024-09-30 00:05:33,404 1152	0.006710706278681755
2024-09-30 00:05:52,712 1168	0.0026740836910903454
2024-09-30 00:06:10,817 1184	0.0034306063316762447
2024-09-30 00:06:29,124 1200	0.004149256739765406
2024-09-30 00:06:47,162 1216	0.003297514980658889
2024-09-30 00:07:04,929 1232	0.0073938327841460705
2024-09-30 00:07:23,605 1248	0.004025925416499376
2024-09-30 00:07:42,353 1264	0.004344523884356022
2024-09-30 00:08:00,699 1280	0.00827407743781805
2024-09-30 00:08:19,456 1296	0.0027492810040712357
2024-09-30 00:08:38,539 1312	0.005560709163546562
2024-09-30 00:08:58,351 1328	0.0035004145465791225
2024-09-30 00:09:17,825 1344	0.004216392990201712
2024-09-30 00:09:37,538 1360	0.0045582205057144165
2024-09-30 00:09:58,005 1376	0.003726249560713768
2024-09-30 00:10:17,041 1392	0.007219655439257622
2024-09-30 00:10:35,346 1408	0.007980935275554657
2024-09-30 00:10:53,692 1424	0.008456133306026459
2024-09-30 00:11:11,884 1440	0.00458748172968626
2024-09-30 00:11:30,224 1456	0.004717525094747543
2024-09-30 00:11:49,227 1472	0.002310957759618759
2024-09-30 00:12:07,592 1488	0.003759699873626232
2024-09-30 00:12:25,889 1504	0.003579458687454462
2024-09-30 00:12:45,368 1520	0.005235763266682625
2024-09-30 00:13:03,799 1536	0.0036647310480475426
2024-09-30 00:13:22,544 1552	0.005412368103861809
2024-09-30 00:13:42,663 1568	0.004844066686928272
2024-09-30 00:14:00,259 1584	0.0021754407789558172
2024-09-30 00:14:18,477 1600	0.004281052853912115
2024-09-30 00:14:37,286 1616	0.0077367243357002735
2024-09-30 00:14:57,079 1632	0.004011452663689852
2024-09-30 00:15:15,200 1648	0.004362827632576227
2024-09-30 00:15:34,478 1664	0.002433688845485449
2024-09-30 00:15:53,324 1680	0.00333108170889318
2024-09-30 00:16:11,932 1696	0.005153973121196032
2024-09-30 00:16:30,859 1712	0.007999146357178688
2024-09-30 00:16:48,898 1728	0.005868685897439718
2024-09-30 00:17:06,921 1744	0.004941331222653389
2024-09-30 00:17:25,802 1760	0.0036621233448386192
2024-09-30 00:17:43,645 1776	0.0070861345157027245
2024-09-30 00:18:02,062 1792	0.003923825919628143
2024-09-30 00:18:19,967 1808	0.00482261274009943
2024-09-30 00:18:38,065 1824	0.004061723127961159
2024-09-30 00:18:56,143 1840	0.005775280296802521
2024-09-30 00:19:14,609 1856	0.004125354811549187
2024-09-30 00:19:34,122 1872	0.004029922187328339
2024-09-30 00:19:52,398 1888	0.004853382706642151
2024-09-30 00:20:10,877 1904	0.003995912149548531
2024-09-30 00:20:29,391 1920	0.013019125908613205
2024-09-30 00:20:47,432 1936	0.004609939642250538
2024-09-30 00:21:05,737 1952	0.005460208747535944
2024-09-30 00:21:25,066 1968	0.0021622152999043465
2024-09-30 00:21:42,890 1984	0.0038243455346673727
2024-09-30 00:22:01,619 2000	0.006572451908141375
2024-09-30 00:22:20,668 2016	0.00404485734179616
2024-09-30 00:22:37,920 2032	0.006320031359791756
2024-09-30 00:22:56,538 2048	0.0050631132908165455
2024-09-30 00:23:15,746 2064	0.009286345914006233
2024-09-30 00:23:33,678 2080	0.003045767080038786
2024-09-30 00:23:52,288 2096	0.003988109529018402
2024-09-30 00:24:11,043 2112	0.0024072956293821335
2024-09-30 00:24:29,425 2128	0.004037260077893734
2024-09-30 00:24:47,036 2144	0.005355977453291416
2024-09-30 00:25:06,221 2160	0.00655700545758009
2024-09-30 00:25:24,492 2176	0.005378959700465202
2024-09-30 00:25:43,704 2192	0.004266547039151192
2024-09-30 00:26:02,680 2208	0.007263529114425182
2024-09-30 00:26:19,990 2224	0.0072470903396606445
2024-09-30 00:26:38,341 2240	0.007133285515010357
2024-09-30 00:26:56,972 2256	0.006198260001838207
2024-09-30 00:27:14,838 2272	0.006754562258720398
2024-09-30 00:27:33,543 2288	0.010321112349629402
2024-09-30 00:27:51,782 2304	0.005004098638892174
2024-09-30 00:28:10,787 2320	0.0035983966663479805
2024-09-30 00:28:30,574 2336	0.003798880847170949
2024-09-30 00:28:47,965 2352	0.004005630500614643
2024-09-30 00:29:06,151 2368	0.004960644990205765
2024-09-30 00:29:25,386 2384	0.004384802654385567
2024-09-30 00:29:43,743 2400	0.006850262172520161
2024-09-30 00:30:01,959 2416	0.004837865941226482
2024-09-30 00:30:20,858 2432	0.005829963833093643
2024-09-30 00:30:38,887 2448	0.004506540019065142
2024-09-30 00:30:58,966 2464	0.005846758373081684
2024-09-30 00:31:17,939 2480	0.006455863825976849
2024-09-30 00:31:35,343 2496	0.004724668338894844
2024-09-30 00:31:54,228 2512	0.005726956762373447
2024-09-30 00:32:14,467 2528	0.004377237521111965
2024-09-30 00:32:34,174 2544	0.001700319116935134
2024-09-30 00:32:51,495 2560	0.0029305769130587578
2024-09-30 00:33:10,079 2576	0.005380130372941494
2024-09-30 00:33:28,744 2592	0.0022493258584290743
2024-09-30 00:33:48,219 2608	0.006550800986588001
2024-09-30 00:34:06,614 2624	0.006183774210512638
2024-09-30 00:34:25,456 2640	0.00444073136895895
2024-09-30 00:34:44,290 2656	0.004898105747997761
2024-09-30 00:35:03,435 2672	0.004520329646766186
2024-09-30 00:35:22,866 2688	0.004180970601737499
2024-09-30 00:35:41,050 2704	0.003336946712806821
2024-09-30 00:35:59,884 2720	0.004089048132300377
2024-09-30 00:36:19,340 2736	0.0032978402450680733
2024-09-30 00:36:38,268 2752	0.0044242022559046745
2024-09-30 00:36:56,298 2768	0.00263243168592453
2024-09-30 00:37:14,742 2784	0.006488135550171137
2024-09-30 00:37:33,445 2800	0.0072021689265966415
2024-09-30 00:37:52,439 2816	0.005911858286708593
2024-09-30 00:38:10,643 2832	0.004458743613213301
2024-09-30 00:38:29,094 2848	0.0029951506294310093
2024-09-30 00:38:48,832 2864	0.003958338871598244
2024-09-30 00:39:07,607 2880	0.0030625537037849426
2024-09-30 00:39:26,291 2896	0.005514667835086584
2024-09-30 00:39:45,294 2912	0.004674521274864674
2024-09-30 00:40:03,535 2928	0.002372125629335642
2024-09-30 00:40:22,052 2944	0.006122717168182135
2024-09-30 00:40:39,953 2960	0.005377733148634434
2024-09-30 00:40:58,863 2976	0.003775731660425663
2024-09-30 00:41:17,334 2992	0.003631870960816741
2024-09-30 00:41:34,447 3008	0.0025225100107491016
2024-09-30 00:41:53,315 3024	0.007311967201530933
2024-09-30 00:42:12,817 3040	0.0023196679539978504
2024-09-30 00:42:31,393 3056	0.005691893864423037
2024-09-30 00:42:48,989 3072	0.004765009041875601
2024-09-30 00:43:08,762 3088	0.008493676781654358
2024-09-30 00:43:27,556 3104	0.00538269616663456
2024-09-30 00:43:46,019 3120	0.005491636693477631
2024-09-30 00:44:04,756 3136	0.0068071745336055756
2024-09-30 00:44:22,636 3152	0.002510473132133484
2024-09-30 00:44:40,729 3168	0.007426989730447531
2024-09-30 00:45:00,118 3184	0.0050915321335196495
2024-09-30 00:45:18,523 3200	0.006005275994539261
2024-09-30 00:45:37,451 3216	0.006317106541246176
2024-09-30 00:45:56,982 3232	0.0070487563498318195
2024-09-30 00:46:14,437 3248	0.004027651622891426
2024-09-30 00:46:33,186 3264	0.009495176374912262
2024-09-30 00:46:51,820 3280	0.007030965760350227
2024-09-30 00:47:09,612 3296	0.005652021616697311
2024-09-30 00:47:27,834 3312	0.002679242752492428
2024-09-30 00:47:45,316 3328	0.004431415814906359
2024-09-30 00:48:02,911 3344	0.005349467508494854
2024-09-30 00:48:22,762 3360	0.008898673579096794
2024-09-30 00:48:41,787 3376	0.003597474656999111
2024-09-30 00:49:00,454 3392	0.004158140160143375
2024-09-30 00:49:18,010 3408	0.005078943911939859
2024-09-30 00:49:36,245 3424	0.0036641021724790335
2024-09-30 00:49:56,069 3440	0.004606842994689941
2024-09-30 00:50:15,829 3456	0.0033332735765725374
2024-09-30 00:50:34,170 3472	0.005341654643416405
2024-09-30 00:50:52,587 3488	0.0027978236321359873
2024-09-30 00:51:10,976 3504	0.00622429559007287
2024-09-30 00:51:29,924 3520	0.0022512832656502724
2024-09-30 00:51:48,999 3536	0.0038644589949399233
2024-09-30 00:52:08,429 3552	0.006978963501751423
2024-09-30 00:52:26,765 3568	0.004987689200788736
2024-09-30 00:52:44,912 3584	0.00422093877568841
2024-09-30 00:53:02,590 3600	0.004066899418830872
2024-09-30 00:53:20,443 3616	0.006545723415911198
2024-09-30 00:53:40,496 3632	0.005988175980746746
2024-09-30 00:53:58,167 3648	0.003405448514968157
2024-09-30 00:54:16,782 3664	0.002670467598363757
2024-09-30 00:54:34,317 3680	0.0031772120855748653
2024-09-30 00:54:51,974 3696	0.003877757117152214
2024-09-30 00:55:11,841 3712	0.0031840463634580374
2024-09-30 00:55:30,285 3728	0.0042772116139531136
2024-09-30 00:55:49,176 3744	0.004511439241468906
2024-09-30 00:56:07,829 3760	0.008311938494443893
2024-09-30 00:56:26,892 3776	0.008327698335051537
2024-09-30 00:56:45,710 3792	0.0045638177543878555
2024-09-30 00:57:04,050 3808	0.003293172689154744
2024-09-30 00:57:22,776 3824	0.008075466379523277
2024-09-30 00:57:41,869 3840	0.006270667538046837
2024-09-30 00:58:01,545 3856	0.003861355595290661
2024-09-30 00:58:20,595 3872	0.005011661909520626
2024-09-30 00:58:38,244 3888	0.003705649171024561
2024-09-30 00:58:59,433 3904	0.005138877779245377
2024-09-30 00:59:18,310 3920	0.005814241711050272
2024-09-30 00:59:38,057 3936	0.0019405292114242911
2024-09-30 00:59:57,020 3952	0.004579377826303244
2024-09-30 01:00:16,636 3968	0.0032779439352452755
2024-09-30 01:00:35,047 3984	0.005403471179306507
2024-09-30 01:00:53,564 4000	0.005926148965954781
2024-09-30 01:01:12,227 4016	0.004126427695155144
2024-09-30 01:01:31,363 4032	0.0028055496513843536
2024-09-30 01:01:49,848 4048	0.004182868637144566
2024-09-30 01:02:08,665 4064	0.010346442461013794
2024-09-30 01:02:26,948 4080	0.0014735318254679441
2024-09-30 01:02:45,405 4096	0.005219021812081337
2024-09-30 01:03:03,908 4112	0.006812987849116325
2024-09-30 01:03:23,187 4128	0.004369043745100498
2024-09-30 01:03:42,335 4144	0.008693058043718338
2024-09-30 01:04:00,666 4160	0.0025511602871119976
2024-09-30 01:04:19,848 4176	0.004695267882198095
2024-09-30 01:04:38,906 4192	0.005022992845624685
2024-09-30 01:04:58,235 4208	0.007216208148747683
2024-09-30 01:05:16,650 4224	0.005020698066800833
2024-09-30 01:05:36,242 4240	0.007938419468700886
2024-09-30 01:05:55,447 4256	0.006477401591837406
2024-09-30 01:06:14,065 4272	0.007432613056153059
2024-09-30 01:06:33,158 4288	0.004358311183750629
2024-09-30 01:06:51,244 4304	0.005057598929852247
2024-09-30 01:07:10,155 4320	0.00681424280628562
2024-09-30 01:07:29,113 4336	0.005536251235753298
2024-09-30 01:07:47,776 4352	0.002270969096571207
2024-09-30 01:08:05,868 4368	0.0031716725789010525
2024-09-30 01:08:25,026 4384	0.004351857118308544
2024-09-30 01:08:45,032 4400	0.0066778468899428844
2024-09-30 01:09:03,826 4416	0.0032872981391847134
2024-09-30 01:09:23,166 4432	0.004961883649230003
2024-09-30 01:09:41,742 4448	0.0051082707941532135
2024-09-30 01:10:00,960 4464	0.00539552653208375
2024-09-30 01:10:19,367 4480	0.005782502703368664
2024-09-30 01:10:39,289 4496	0.0031347896438091993
2024-09-30 01:10:57,397 4512	0.004206616431474686
2024-09-30 01:11:17,159 4528	0.0068896859884262085
2024-09-30 01:11:36,152 4544	0.004340706393122673
2024-09-30 01:11:55,941 4560	0.006046759895980358
2024-09-30 01:12:16,455 4576	0.0030775130726397038
2024-09-30 01:12:35,056 4592	0.010982406325638294
2024-09-30 01:12:55,640 4608	0.004837780259549618
2024-09-30 01:13:13,533 4624	0.0037543796934187412
2024-09-30 01:13:33,681 4640	0.005495924968272448
2024-09-30 01:13:52,608 4656	0.006352245341986418
2024-09-30 01:14:11,944 4672	0.004476254340261221
2024-09-30 01:14:30,895 4688	0.00377008062787354
2024-09-30 01:14:49,906 4704	0.0015611137496307492
2024-09-30 01:15:07,421 4720	0.004831923637539148
2024-09-30 01:15:25,961 4736	0.007340630516409874
2024-09-30 01:15:44,475 4752	0.00340629112906754
2024-09-30 01:16:04,178 4768	0.0037654032930731773
2024-09-30 01:16:22,123 4784	0.0036234972067177296
2024-09-30 01:16:40,222 4800	0.0037118548061698675
2024-09-30 01:16:59,238 4816	0.003856330644339323
2024-09-30 01:17:18,608 4832	0.0047936467453837395
2024-09-30 01:17:37,517 4848	0.004951512906700373
2024-09-30 01:17:55,889 4864	0.00890305731445551
2024-09-30 01:18:14,387 4880	0.002190661383792758
2024-09-30 01:18:34,343 4896	0.005147616378962994
2024-09-30 01:18:51,331 4912	0.003587476909160614
2024-09-30 01:19:10,966 4928	0.0067940340377390385
2024-09-30 01:19:29,943 4944	0.0025886755902320147
2024-09-30 01:19:50,197 4960	0.005990331992506981
2024-09-30 01:20:08,410 4976	0.004880927503108978
2024-09-30 01:20:26,952 4992	0.0033135865814983845
2024-09-30 01:20:46,287 5008	0.00612436980009079
2024-09-30 01:21:04,181 5024	0.0029704293701797724
2024-09-30 01:21:22,329 5040	0.004049474373459816
2024-09-30 01:21:40,650 5056	0.002713728230446577
2024-09-30 01:21:59,453 5072	0.004805379081517458
2024-09-30 01:22:18,178 5088	0.008349143899977207
2024-09-30 01:22:36,216 5104	0.004872792400419712
2024-09-30 01:22:54,753 5120	0.006668660789728165
2024-09-30 01:23:13,131 5136	0.001920322421938181
2024-09-30 01:23:31,807 5152	0.006991109810769558
2024-09-30 01:23:50,732 5168	0.006257860921323299
2024-09-30 01:24:09,563 5184	0.00904038455337286
2024-09-30 01:24:27,574 5200	0.004373799543827772
2024-09-30 01:24:47,308 5216	0.004785911180078983
2024-09-30 01:25:06,840 5232	0.006931179203093052
2024-09-30 01:25:26,556 5248	0.0063886940479278564
2024-09-30 01:25:44,703 5264	0.005069036036729813
2024-09-30 01:26:03,630 5280	0.005765663459897041
2024-09-30 01:26:23,170 5296	0.006958252750337124
2024-09-30 01:26:41,532 5312	0.0030331003945320845
2024-09-30 01:26:59,226 5328	0.0030285739339888096
2024-09-30 01:27:17,340 5344	0.009654127061367035
2024-09-30 01:27:36,674 5360	0.008613614365458488
2024-09-30 01:27:55,248 5376	0.003994077909737825
2024-09-30 01:28:13,257 5392	0.005677525419741869
2024-09-30 01:28:32,305 5408	0.007141411304473877
2024-09-30 01:28:50,306 5424	0.006322803907096386
2024-09-30 01:29:08,538 5440	0.0029602614231407642
2024-09-30 01:29:26,827 5456	0.003690109821036458
2024-09-30 01:29:45,110 5472	0.006001670844852924
2024-09-30 01:30:02,085 5488	0.0035083056427538395
2024-09-30 01:30:21,678 5504	0.004496552050113678
2024-09-30 01:30:39,873 5520	0.007860025390982628
2024-09-30 01:30:58,712 5536	0.00532079441472888
2024-09-30 01:31:17,469 5552	0.006017272360622883
2024-09-30 01:31:37,159 5568	0.007971938699483871
2024-09-30 01:31:55,753 5584	0.004060522653162479
2024-09-30 01:32:14,957 5600	0.020165730267763138
2024-09-30 01:32:33,253 5616	0.0018097406718879938
2024-09-30 01:32:52,431 5632	0.004852002486586571
2024-09-30 01:33:10,043 5648	0.005246592685580254
2024-09-30 01:33:28,782 5664	0.009944053366780281
2024-09-30 01:33:47,525 5680	0.007502107415348291
2024-09-30 01:34:05,783 5696	0.004935126751661301
2024-09-30 01:34:24,500 5712	0.006174318492412567
2024-09-30 01:34:42,016 5728	0.006811799947172403
2024-09-30 01:35:01,038 5744	0.002616201527416706
2024-09-30 01:35:18,942 5760	0.00837763026356697
2024-09-30 01:35:36,342 5776	0.008649922907352448
2024-09-30 01:35:55,588 5792	0.0029457383789122105
2024-09-30 01:36:13,911 5808	0.0061867269687354565
2024-09-30 01:36:32,009 5824	0.0033877321984618902
2024-09-30 01:36:50,651 5840	0.007254268974065781
2024-09-30 01:37:10,701 5856	0.0066145239397883415
2024-09-30 01:37:33,035 5872	0.007398508954793215
2024-09-30 01:37:51,929 5888	0.008840532973408699
2024-09-30 01:38:12,302 5904	0.00584011897444725
2024-09-30 01:38:31,498 5920	0.004190625622868538
2024-09-30 01:38:51,742 5936	0.00469796359539032
2024-09-30 01:39:11,945 5952	0.005295251030474901
2024-09-30 01:39:31,709 5968	0.00936918891966343
2024-09-30 01:39:50,679 5984	0.004236102569848299
2024-09-30 01:40:09,429 6000	0.0047143008559942245
2024-09-30 01:40:29,641 6016	0.004358443897217512
2024-09-30 01:40:48,128 6032	0.0024098141584545374
2024-09-30 01:41:07,450 6048	0.006265990436077118
2024-09-30 01:41:25,287 6064	0.0067869797348976135
2024-09-30 01:41:43,384 6080	0.005783069878816605
2024-09-30 01:42:01,772 6096	0.006718907505273819
2024-09-30 01:42:20,825 6112	0.005759920924901962
2024-09-30 01:42:40,394 6128	0.004473522305488586
2024-09-30 01:42:58,094 6144	0.0031304771546274424
2024-09-30 01:43:16,579 6160	0.005145297385752201
2024-09-30 01:43:34,276 6176	0.0076529886573553085
2024-09-30 01:43:53,226 6192	0.005515255965292454
2024-09-30 01:44:11,771 6208	0.003998816013336182
2024-09-30 01:44:21,559 6216	0.006727786269038916
2024-09-30 01:44:21,787 End of Epoch 5
2024-09-30 01:44:21,787 Macro-Average Train loss over epoch:	0.0049924008036451835
2024-09-30 01:52:10,865 Average Validation loss over epoch:	0.15854760125624628
2024-09-30 01:52:10,867 Best Validation Epoch:	4
2024-09-30 01:52:10,867 Best Validation Loss:	0.1450762568135174
2024-09-30 01:52:10,867 Patience Counter:	3
